13:17:41.671 [main] INFO  com.hcl.gim.baseutil.BaseTest - 
13:17:41.671 [main] INFO  com.hcl.gim.baseutil.BaseTest - Running locally JavaMail
13:17:41.800 [main] INFO  com.hcl.gim.baseutil.BaseTest - Folder creation for Extent
13:17:41.846 [main] INFO  com.hcl.gim.baseutil.BaseTest - ExtentDir:-C:\HCL-GIM-Harsha\GIM-App-Harsha1/reports/Automation Report- 02_26_2021_13_17_41/Report/02_26_2021_13_17_41
13:17:42.037 [main] INFO  com.hcl.gim.baseutil.BaseTest - Report Initiated
13:17:42.041 [main] INFO  com.hcl.gim.baseutil.BaseTest - Screenshot folder created
13:17:48.195 [main] INFO  com.hcl.gim.testscripts.exgratia_others.TYSS_GIM_EXO_0009 - Chrome Browser is launched
13:17:50.036 [main] INFO  com.hcl.gim.testscripts.exgratia_others.TYSS_GIM_EXO_0009 - Expected text : Log in. is matching with the : Log in. text in the application 
13:17:50.043 [main] INFO  com.hcl.gim.testscripts.exgratia_others.TYSS_GIM_EXO_0009 - Log In page is displayed
13:17:50.043 [main] INFO  com.hcl.gim.testscripts.exgratia_others.TYSS_GIM_EXO_0009 - Enter the value into User Id text box
13:17:50.324 [main] INFO  com.hcl.gim.testscripts.exgratia_others.TYSS_GIM_EXO_0009 - 40136083 typed into User Id text box
13:17:50.324 [main] INFO  com.hcl.gim.testscripts.exgratia_others.TYSS_GIM_EXO_0009 - Enter the value into Password text box
13:17:50.543 [main] INFO  com.hcl.gim.testscripts.exgratia_others.TYSS_GIM_EXO_0009 - GIM@123# typed into Password text box
13:17:50.543 [main] INFO  com.hcl.gim.testscripts.exgratia_others.TYSS_GIM_EXO_0009 - Validate Login button is clickable
13:17:52.550 [main] INFO  com.hcl.gim.testscripts.exgratia_others.TYSS_GIM_EXO_0009 - Clicked on : Login button
13:17:53.220 [main] INFO  com.hcl.gim.testscripts.exgratia_others.TYSS_GIM_EXO_0009 - GEO HR-Log in is successfull
13:17:53.356 [main] INFO  com.hcl.gim.testscripts.exgratia_others.TYSS_GIM_EXO_0009 - Expected text : HR Partner Manual is matching with the : HR Partner Manual text in the application 
13:17:53.357 [main] INFO  com.hcl.gim.testscripts.exgratia_others.TYSS_GIM_EXO_0009 - HR Partner Manual popup is displayed
13:17:53.357 [main] INFO  com.hcl.gim.testscripts.exgratia_others.TYSS_GIM_EXO_0009 - Validate Close button on HCL Banner is clickable
13:17:53.541 [main] INFO  com.hcl.gim.testscripts.exgratia_others.TYSS_GIM_EXO_0009 - Clicked on : Close button on HCL Banner
13:17:53.774 [main] INFO  com.hcl.gim.testscripts.exgratia_others.TYSS_GIM_EXO_0009 - Home page is displayed, url= https://staging.myhcl.com/GIM/Home/Index, title= Home Page
13:17:53.781 [main] INFO  com.hcl.gim.testscripts.exgratia_others.TYSS_GIM_EXO_0009 - Role: Employee
13:17:53.781 [main] INFO  com.hcl.gim.testscripts.exgratia_others.TYSS_GIM_EXO_0009 - Validate Geo HR Initiate On Behalf Of Employee button is clickable
13:17:54.439 [main] INFO  com.hcl.gim.testscripts.exgratia_others.TYSS_GIM_EXO_0009 - Clicked on : Geo HR Initiate On Behalf Of Employee button
13:17:54.515 [main] INFO  com.hcl.gim.testscripts.exgratia_others.TYSS_GIM_EXO_0009 - Initiate Claim page is displayed, url= https://staging.myhcl.com/GIM/HRPartner/InitiateClaim, title= InitiateClaim
13:17:54.521 [main] INFO  com.hcl.gim.testscripts.exgratia_others.TYSS_GIM_EXO_0009 - Wait for Select Claim type Drop down
13:17:54.663 [main] INFO  com.hcl.gim.testscripts.exgratia_others.TYSS_GIM_EXO_0009 - Validate Select Claim type Drop down is clickable
13:17:55.067 [main] INFO  com.hcl.gim.testscripts.exgratia_others.TYSS_GIM_EXO_0009 - Clicked on : Select Claim type Drop down
13:17:56.421 [main] INFO  com.hcl.gim.testscripts.exgratia_others.TYSS_GIM_EXO_0009 - List of all Claim types from the Drop down is displayed.
13:17:56.440 [main] INFO  com.hcl.gim.testscripts.exgratia_others.TYSS_GIM_EXO_0009 - Wait for Exgratia - others
13:17:56.710 [main] INFO  com.hcl.gim.testscripts.exgratia_others.TYSS_GIM_EXO_0009 - Able to mouse over on  Exgratia - others
13:17:56.924 [main] INFO  com.hcl.gim.testscripts.exgratia_others.TYSS_GIM_EXO_0009 - Clicked on : Exgratia - others
13:17:56.961 [main] INFO  com.hcl.gim.testscripts.exgratia_others.TYSS_GIM_EXO_0009 - Able to select Exgratia - others from the Dropdown and default selection is Copy & Paste 
13:17:57.070 [main] INFO  com.hcl.gim.testscripts.exgratia_others.TYSS_GIM_EXO_0009 - Expected text : Exgratia - others is matching with the : Exgratia - others text in the application 
13:17:57.070 [main] INFO  com.hcl.gim.testscripts.exgratia_others.TYSS_GIM_EXO_0009 - Exgratia - others is selected and default selection is Copy & Paste
13:17:57.114 [main] INFO  com.hcl.gim.testscripts.exgratia_others.TYSS_GIM_EXO_0009 - Scroll up
13:17:57.155 [main] INFO  com.hcl.gim.testscripts.exgratia_others.TYSS_GIM_EXO_0009 - Wait for Download Exgratia - others Form Template link
13:17:57.298 [main] INFO  com.hcl.gim.testscripts.exgratia_others.TYSS_GIM_EXO_0009 - Validate Download Exgratia - others Form Template link is clickable
13:17:57.466 [main] INFO  com.hcl.gim.testscripts.exgratia_others.TYSS_GIM_EXO_0009 - Clicked on : Download Exgratia - others Form Template link
13:17:57.526 [main] INFO  com.hcl.gim.testscripts.exgratia_others.TYSS_GIM_EXO_0009 - New File Created:bb8cb84a-c66e-4c56-9d44-e13e2715d6e1.tmp
13:17:57.600 [main] INFO  com.hcl.gim.testscripts.exgratia_others.TYSS_GIM_EXO_0009 - New File Created:Claim (4).xlsx.crdownload
13:17:57.794 [main] INFO  com.hcl.gim.testscripts.exgratia_others.TYSS_GIM_EXO_0009 - New File Created:Claim (4).xlsx
13:17:57.794 [main] INFO  com.hcl.gim.testscripts.exgratia_others.TYSS_GIM_EXO_0009 - Downloaded file found with extension .xlsx. File name is Claim (4).xlsx
13:17:58.296 [main] INFO  com.hcl.gim.testscripts.exgratia_others.TYSS_GIM_EXO_0009 - Downloaded document name is Claim (4).xlsx
13:17:58.296 [main] INFO  com.hcl.gim.testscripts.exgratia_others.TYSS_GIM_EXO_0009 - Template with Filename Claim (4).xlsx downloaded successfully
13:18:01.597 [main] INFO  com.hcl.gim.testscripts.exgratia_others.TYSS_GIM_EXO_0009 - Able to mouse over on Paste Your Content Here Text
13:18:08.872 [main] INFO  com.hcl.gim.testscripts.exgratia_others.TYSS_GIM_EXO_0009 - Wait for Upload Document Link
13:18:10.927 [main] ERROR com.hcl.gim.testscripts.exgratia_others.TYSS_GIM_EXO_0009 - Upload Document Link is not visible
13:18:10.927 [main] INFO  com.hcl.gim.testscripts.exgratia_others.TYSS_GIM_EXO_0009 - Validate Upload Document Link is clickable
13:18:12.961 [main] ERROR com.hcl.gim.testscripts.exgratia_others.TYSS_GIM_EXO_0009 - Upload Document Link is not clickable
13:18:12.961 [main] ERROR com.hcl.gim.testscripts.exgratia_others.TYSS_GIM_EXO_0009 - Unable to click on Upload Document Link
13:18:14.986 [main] ERROR com.hcl.gim.testscripts.exgratia_others.TYSS_GIM_EXO_0009 - java.net.ConnectException: Failed to connect to localhost/0:0:0:0:0:0:0:1:37593
Build info: version: '3.141.59', revision: 'e82be7d358', time: '2018-11-14T08:25:53'
System info: host: 'HCLT-PC5929-1', ip: '10.98.101.172', os.name: 'Windows Server 2019', os.arch: 'amd64', os.version: '10.0', java.version: '11.0.9'
Driver info: driver.version: RemoteWebDriver
