20:33:48.297 [main] INFO  com.hcl.gim.baseutil.BaseTest - C:\HCL-GIM-Harsha\GIM-App-Harsha1/Controller.xlsx
20:33:48.419 [main] INFO  com.hcl.gim.baseutil.BaseTest - com.hcl.gim.testscripts.car_parking_deduction.TYSS_GIM_CPD_0001
20:33:48.420 [main] INFO  com.hcl.gim.baseutil.BaseTest - com.hcl.gim.testscripts.car_parking_deduction.TYSS_GIM_CPD_0002
20:33:48.420 [main] INFO  com.hcl.gim.baseutil.BaseTest - com.hcl.gim.testscripts.car_parking_deduction.TYSS_GIM_CPD_0003
20:33:48.421 [main] INFO  com.hcl.gim.baseutil.BaseTest - com.hcl.gim.testscripts.car_parking_deduction.TYSS_GIM_CPD_0004
20:33:48.422 [main] INFO  com.hcl.gim.baseutil.BaseTest - com.hcl.gim.testscripts.car_parking_deduction.TYSS_GIM_CPD_0005
20:33:48.423 [main] INFO  com.hcl.gim.baseutil.BaseTest - com.hcl.gim.testscripts.car_parking_deduction.TYSS_GIM_CPD_0006
20:33:48.423 [main] INFO  com.hcl.gim.baseutil.BaseTest - com.hcl.gim.testscripts.car_parking_deduction.TYSS_GIM_CPD_0007
20:33:48.424 [main] INFO  com.hcl.gim.baseutil.BaseTest - com.hcl.gim.testscripts.car_parking_deduction.TYSS_GIM_CPD_0008
20:33:48.424 [main] INFO  com.hcl.gim.baseutil.BaseTest - com.hcl.gim.testscripts.car_parking_deduction.TYSS_GIM_CPD_0009
20:33:48.424 [main] INFO  com.hcl.gim.baseutil.BaseTest - com.hcl.gim.testscripts.car_parking_deduction.TYSS_GIM_CPD_0010
20:33:48.424 [main] INFO  com.hcl.gim.baseutil.BaseTest - com.hcl.gim.testscripts.car_parking_deduction.TYSS_GIM_CPD_0011
20:33:48.425 [main] INFO  com.hcl.gim.baseutil.BaseTest - com.hcl.gim.testscripts.car_parking_deduction.TYSS_GIM_CPD_0012
20:33:48.425 [main] INFO  com.hcl.gim.baseutil.BaseTest - com.hcl.gim.testscripts.car_parking_deduction.TYSS_GIM_CPD_0013
20:33:48.425 [main] INFO  com.hcl.gim.baseutil.BaseTest - com.hcl.gim.testscripts.child_education.TYSS_GIM_CEA_0001
20:33:48.426 [main] INFO  com.hcl.gim.baseutil.BaseTest - com.hcl.gim.testscripts.child_education.TYSS_GIM_CEA_0002
20:33:48.426 [main] INFO  com.hcl.gim.baseutil.BaseTest - com.hcl.gim.testscripts.child_education.TYSS_GIM_CEA_0003
20:33:48.426 [main] INFO  com.hcl.gim.baseutil.BaseTest - com.hcl.gim.testscripts.child_education.TYSS_GIM_CEA_0004
20:33:48.427 [main] INFO  com.hcl.gim.baseutil.BaseTest - com.hcl.gim.testscripts.child_education.TYSS_GIM_CEA_0005
20:33:48.427 [main] INFO  com.hcl.gim.baseutil.BaseTest - com.hcl.gim.testscripts.child_education.TYSS_GIM_CEA_0006
20:33:48.427 [main] INFO  com.hcl.gim.baseutil.BaseTest - com.hcl.gim.testscripts.child_education.TYSS_GIM_CEA_0007
20:33:48.428 [main] INFO  com.hcl.gim.baseutil.BaseTest - com.hcl.gim.testscripts.child_education.TYSS_GIM_CEA_0008
20:33:48.428 [main] INFO  com.hcl.gim.baseutil.BaseTest - com.hcl.gim.testscripts.child_education.TYSS_GIM_CEA_0009
20:33:48.428 [main] INFO  com.hcl.gim.baseutil.BaseTest - com.hcl.gim.testscripts.child_education.TYSS_GIM_CEA_0010
20:33:48.428 [main] INFO  com.hcl.gim.baseutil.BaseTest - com.hcl.gim.testscripts.child_education.TYSS_GIM_CEA_0011
20:33:48.429 [main] INFO  com.hcl.gim.baseutil.BaseTest - com.hcl.gim.testscripts.child_education.TYSS_GIM_CEA_0012
20:33:48.429 [main] INFO  com.hcl.gim.baseutil.BaseTest - com.hcl.gim.testscripts.clientbonus_reward_incentive.TYSS_GIM_CBRI_0001
20:33:48.429 [main] INFO  com.hcl.gim.baseutil.BaseTest - com.hcl.gim.testscripts.clientbonus_reward_incentive.TYSS_GIM_CBRI_0002
20:33:48.430 [main] INFO  com.hcl.gim.baseutil.BaseTest - com.hcl.gim.testscripts.clientbonus_reward_incentive.TYSS_GIM_CBRI_0003
20:33:48.430 [main] INFO  com.hcl.gim.baseutil.BaseTest - com.hcl.gim.testscripts.clientbonus_reward_incentive.TYSS_GIM_CBRI_0004
20:33:48.431 [main] INFO  com.hcl.gim.baseutil.BaseTest - com.hcl.gim.testscripts.clientbonus_reward_incentive.TYSS_GIM_CBRI_0005
20:33:48.431 [main] INFO  com.hcl.gim.baseutil.BaseTest - com.hcl.gim.testscripts.clientbonus_reward_incentive.TYSS_GIM_CBRI_0006
20:33:48.431 [main] INFO  com.hcl.gim.baseutil.BaseTest - com.hcl.gim.testscripts.clientbonus_reward_incentive.TYSS_GIM_CBRI_0007
20:33:48.432 [main] INFO  com.hcl.gim.baseutil.BaseTest - com.hcl.gim.testscripts.clientbonus_reward_incentive.TYSS_GIM_CBRI_0008
20:33:48.433 [main] INFO  com.hcl.gim.baseutil.BaseTest - com.hcl.gim.testscripts.clientbonus_reward_incentive.TYSS_GIM_CBRI_0009
20:33:48.433 [main] INFO  com.hcl.gim.baseutil.BaseTest - com.hcl.gim.testscripts.clientbonus_reward_incentive.TYSS_GIM_CBRI_0010
20:33:48.433 [main] INFO  com.hcl.gim.baseutil.BaseTest - com.hcl.gim.testscripts.clientbonus_reward_incentive.TYSS_GIM_CBRI_0011
20:33:48.434 [main] INFO  com.hcl.gim.baseutil.BaseTest - com.hcl.gim.testscripts.clientbonus_reward_incentive.TYSS_GIM_CBRI_0012
20:33:48.435 [main] INFO  com.hcl.gim.baseutil.BaseTest - com.hcl.gim.testscripts.clientbonus_reward_incentive.TYSS_GIM_CBRI_0013
20:33:48.435 [main] INFO  com.hcl.gim.baseutil.BaseTest - com.hcl.gim.testscripts.clientbonus_reward_incentive.TYSS_GIM_CBRI_0014
20:33:48.435 [main] INFO  com.hcl.gim.baseutil.BaseTest - com.hcl.gim.testscripts.clientbonus_reward_incentive.TYSS_GIM_CBRI_0015
20:33:48.436 [main] INFO  com.hcl.gim.baseutil.BaseTest - com.hcl.gim.testscripts.clientbonus_reward_incentive.TYSS_GIM_CBRI_0016
20:33:48.437 [main] INFO  com.hcl.gim.baseutil.BaseTest - com.hcl.gim.testscripts.clientbonus_reward_incentive.TYSS_GIM_CBRI_0017
20:33:48.437 [main] INFO  com.hcl.gim.baseutil.BaseTest - com.hcl.gim.testscripts.clientbonus_reward_incentive.TYSS_GIM_CBRI_0018
20:33:48.439 [main] INFO  com.hcl.gim.baseutil.BaseTest - com.hcl.gim.testscripts.clientbonus_reward_incentive.TYSS_GIM_CBRI_0019
20:33:48.439 [main] INFO  com.hcl.gim.baseutil.BaseTest - com.hcl.gim.testscripts.clientbonus_reward_incentive.TYSS_GIM_CBRI_0020
20:33:48.440 [main] INFO  com.hcl.gim.baseutil.BaseTest - com.hcl.gim.testscripts.clientbonus_reward_incentive.TYSS_GIM_CBRI_0021
20:33:48.440 [main] INFO  com.hcl.gim.baseutil.BaseTest - com.hcl.gim.testscripts.exgratia_language_allowance.TYSS_GIM_ELA_0001
20:33:48.440 [main] INFO  com.hcl.gim.baseutil.BaseTest - com.hcl.gim.testscripts.exgratia_language_allowance.TYSS_GIM_ELA_0002
20:33:48.441 [main] INFO  com.hcl.gim.baseutil.BaseTest - com.hcl.gim.testscripts.exgratia_language_allowance.TYSS_GIM_ELA_0003
20:33:48.441 [main] INFO  com.hcl.gim.baseutil.BaseTest - com.hcl.gim.testscripts.exgratia_language_allowance.TYSS_GIM_ELA_0004
20:33:48.441 [main] INFO  com.hcl.gim.baseutil.BaseTest - com.hcl.gim.testscripts.exgratia_language_allowance.TYSS_GIM_ELA_0005
20:33:48.442 [main] INFO  com.hcl.gim.baseutil.BaseTest - com.hcl.gim.testscripts.exgratia_language_allowance.TYSS_GIM_ELA_0006
20:33:48.442 [main] INFO  com.hcl.gim.baseutil.BaseTest - com.hcl.gim.testscripts.exgratia_language_allowance.TYSS_GIM_ELA_0007
20:33:48.442 [main] INFO  com.hcl.gim.baseutil.BaseTest - com.hcl.gim.testscripts.exgratia_language_allowance.TYSS_GIM_ELA_0008
20:33:48.443 [main] INFO  com.hcl.gim.baseutil.BaseTest - com.hcl.gim.testscripts.exgratia_language_allowance.TYSS_GIM_ELA_0009
20:33:48.443 [main] INFO  com.hcl.gim.baseutil.BaseTest - com.hcl.gim.testscripts.exgratia_language_allowance.TYSS_GIM_ELA_0010
20:33:48.444 [main] INFO  com.hcl.gim.baseutil.BaseTest - com.hcl.gim.testscripts.exgratia_language_allowance.TYSS_GIM_ELA_0011
20:33:48.444 [main] INFO  com.hcl.gim.baseutil.BaseTest - com.hcl.gim.testscripts.exgratia_language_allowance.TYSS_GIM_ELA_0012
20:33:48.445 [main] INFO  com.hcl.gim.baseutil.BaseTest - com.hcl.gim.testscripts.exgratia_language_allowance.TYSS_GIM_ELA_0013
20:33:48.445 [main] INFO  com.hcl.gim.baseutil.BaseTest - com.hcl.gim.testscripts.exgratia_language_allowance.TYSS_GIM_ELA_0014
20:33:48.445 [main] INFO  com.hcl.gim.baseutil.BaseTest - com.hcl.gim.testscripts.exgratia_language_allowance.TYSS_GIM_ELA_0015
20:33:48.445 [main] INFO  com.hcl.gim.baseutil.BaseTest - com.hcl.gim.testscripts.exgratia_language_allowance.TYSS_GIM_ELA_0016
20:33:48.445 [main] INFO  com.hcl.gim.baseutil.BaseTest - com.hcl.gim.testscripts.exgratia_language_allowance.TYSS_GIM_ELA_0017
20:33:48.446 [main] INFO  com.hcl.gim.baseutil.BaseTest - com.hcl.gim.testscripts.exgratia_language_allowance.TYSS_GIM_ELA_0018
20:33:48.446 [main] INFO  com.hcl.gim.baseutil.BaseTest - com.hcl.gim.testscripts.exgratia_language_allowance.TYSS_GIM_ELA_0019
20:33:48.446 [main] INFO  com.hcl.gim.baseutil.BaseTest - com.hcl.gim.testscripts.exgratia_language_allowance.TYSS_GIM_ELA_0020
20:33:48.447 [main] INFO  com.hcl.gim.baseutil.BaseTest - com.hcl.gim.testscripts.exgratia_language_allowance.TYSS_GIM_ELA_0021
20:33:48.447 [main] INFO  com.hcl.gim.baseutil.BaseTest - com.hcl.gim.testscripts.exgratia_others.TYSS_GIM_EXO_0001
20:33:48.447 [main] INFO  com.hcl.gim.baseutil.BaseTest - com.hcl.gim.testscripts.exgratia_others.TYSS_GIM_EXO_0002
20:33:48.447 [main] INFO  com.hcl.gim.baseutil.BaseTest - com.hcl.gim.testscripts.exgratia_others.TYSS_GIM_EXO_0003
20:33:48.447 [main] INFO  com.hcl.gim.baseutil.BaseTest - com.hcl.gim.testscripts.exgratia_others.TYSS_GIM_EXO_0004
20:33:48.448 [main] INFO  com.hcl.gim.baseutil.BaseTest - com.hcl.gim.testscripts.exgratia_others.TYSS_GIM_EXO_0005
20:33:48.448 [main] INFO  com.hcl.gim.baseutil.BaseTest - com.hcl.gim.testscripts.exgratia_others.TYSS_GIM_EXO_0006
20:33:48.448 [main] INFO  com.hcl.gim.baseutil.BaseTest - com.hcl.gim.testscripts.exgratia_others.TYSS_GIM_EXO_0007
20:33:48.448 [main] INFO  com.hcl.gim.baseutil.BaseTest - com.hcl.gim.testscripts.exgratia_others.TYSS_GIM_EXO_0008
20:33:48.448 [main] INFO  com.hcl.gim.baseutil.BaseTest - com.hcl.gim.testscripts.exgratia_others.TYSS_GIM_EXO_0009
20:33:48.449 [main] INFO  com.hcl.gim.baseutil.BaseTest - com.hcl.gim.testscripts.exgratia_others.TYSS_GIM_EXO_0010
20:33:48.449 [main] INFO  com.hcl.gim.baseutil.BaseTest - com.hcl.gim.testscripts.exgratia_others.TYSS_GIM_EXO_0011
20:33:48.449 [main] INFO  com.hcl.gim.baseutil.BaseTest - com.hcl.gim.testscripts.exgratia_others.TYSS_GIM_EXO_0012
20:33:48.449 [main] INFO  com.hcl.gim.baseutil.BaseTest - com.hcl.gim.testscripts.exgratia_others.TYSS_GIM_EXO_0013
20:33:48.449 [main] INFO  com.hcl.gim.baseutil.BaseTest - com.hcl.gim.testscripts.exgratia_others.TYSS_GIM_EXO_0014
20:33:48.449 [main] INFO  com.hcl.gim.baseutil.BaseTest - com.hcl.gim.testscripts.exgratia_others.TYSS_GIM_EXO_0015
20:33:48.450 [main] INFO  com.hcl.gim.baseutil.BaseTest - com.hcl.gim.testscripts.exgratia_others.TYSS_GIM_EXO_0016
20:33:48.450 [main] INFO  com.hcl.gim.baseutil.BaseTest - com.hcl.gim.testscripts.exgratia_others.TYSS_GIM_EXO_0017
20:33:48.450 [main] INFO  com.hcl.gim.baseutil.BaseTest - com.hcl.gim.testscripts.exgratia_others.TYSS_GIM_EXO_0018
20:33:48.450 [main] INFO  com.hcl.gim.baseutil.BaseTest - com.hcl.gim.testscripts.exgratia_others.TYSS_GIM_EXO_0019
20:33:48.450 [main] INFO  com.hcl.gim.baseutil.BaseTest - com.hcl.gim.testscripts.exgratia_others.TYSS_GIM_EXO_0020
20:33:48.451 [main] INFO  com.hcl.gim.baseutil.BaseTest - com.hcl.gim.testscripts.exgratia_others.TYSS_GIM_EXO_0021
20:33:48.451 [main] INFO  com.hcl.gim.baseutil.BaseTest - com.hcl.gim.testscripts.exgratia_others.TYSS_GIM_EXO_0022
20:33:48.451 [main] INFO  com.hcl.gim.baseutil.BaseTest - com.hcl.gim.testscripts.exgratia_others.TYSS_GIM_EXO_0023
20:33:48.451 [main] INFO  com.hcl.gim.baseutil.BaseTest - com.hcl.gim.testscripts.exgratia_others.TYSS_GIM_EXO_0024
20:33:48.452 [main] INFO  com.hcl.gim.baseutil.BaseTest - com.hcl.gim.testscripts.foundation_bonus.TYSS_GIM_FB_0001
20:33:48.452 [main] INFO  com.hcl.gim.baseutil.BaseTest - com.hcl.gim.testscripts.foundation_bonus.TYSS_GIM_FB_0002
20:33:48.453 [main] INFO  com.hcl.gim.baseutil.BaseTest - com.hcl.gim.testscripts.foundation_bonus.TYSS_GIM_FB_0003
20:33:48.453 [main] INFO  com.hcl.gim.baseutil.BaseTest - com.hcl.gim.testscripts.foundation_bonus.TYSS_GIM_FB_0004
20:33:48.453 [main] INFO  com.hcl.gim.baseutil.BaseTest - com.hcl.gim.testscripts.foundation_bonus.TYSS_GIM_FB_0005
20:33:48.453 [main] INFO  com.hcl.gim.baseutil.BaseTest - com.hcl.gim.testscripts.foundation_bonus.TYSS_GIM_FB_0006
20:33:48.454 [main] INFO  com.hcl.gim.baseutil.BaseTest - com.hcl.gim.testscripts.foundation_bonus.TYSS_GIM_FB_0007
20:33:48.454 [main] INFO  com.hcl.gim.baseutil.BaseTest - com.hcl.gim.testscripts.foundation_bonus.TYSS_GIM_FB_0008
20:33:48.455 [main] INFO  com.hcl.gim.baseutil.BaseTest - com.hcl.gim.testscripts.foundation_bonus.TYSS_GIM_FB_0009
20:33:48.455 [main] INFO  com.hcl.gim.baseutil.BaseTest - com.hcl.gim.testscripts.foundation_bonus.TYSS_GIM_FB_0010
20:33:48.455 [main] INFO  com.hcl.gim.baseutil.BaseTest - com.hcl.gim.testscripts.foundation_bonus.TYSS_GIM_FB_0011
20:33:48.455 [main] INFO  com.hcl.gim.baseutil.BaseTest - com.hcl.gim.testscripts.foundation_bonus.TYSS_GIM_FB_0012
20:33:48.455 [main] INFO  com.hcl.gim.baseutil.BaseTest - com.hcl.gim.testscripts.foundation_bonus.TYSS_GIM_FB_0013
20:33:48.456 [main] INFO  com.hcl.gim.baseutil.BaseTest - com.hcl.gim.testscripts.foundation_bonus.TYSS_GIM_FB_0014
20:33:48.456 [main] INFO  com.hcl.gim.baseutil.BaseTest - com.hcl.gim.testscripts.foundation_bonus.TYSS_GIM_FB_0015
20:33:48.456 [main] INFO  com.hcl.gim.baseutil.BaseTest - com.hcl.gim.testscripts.foundation_bonus.TYSS_GIM_FB_0016
20:33:48.456 [main] INFO  com.hcl.gim.baseutil.BaseTest - com.hcl.gim.testscripts.foundation_bonus.TYSS_GIM_FB_0017
20:33:48.457 [main] INFO  com.hcl.gim.baseutil.BaseTest - com.hcl.gim.testscripts.foundation_bonus.TYSS_GIM_FB_0018
20:33:48.457 [main] INFO  com.hcl.gim.baseutil.BaseTest - com.hcl.gim.testscripts.foundation_bonus.TYSS_GIM_FB_0019
20:33:48.457 [main] INFO  com.hcl.gim.baseutil.BaseTest - com.hcl.gim.testscripts.hcl_jewels.TYSS_GIM_HJ_0001
20:33:48.457 [main] INFO  com.hcl.gim.baseutil.BaseTest - com.hcl.gim.testscripts.hcl_jewels.TYSS_GIM_HJ_0002
20:33:48.457 [main] INFO  com.hcl.gim.baseutil.BaseTest - com.hcl.gim.testscripts.hcl_jewels.TYSS_GIM_HJ_0003
20:33:48.457 [main] INFO  com.hcl.gim.baseutil.BaseTest - com.hcl.gim.testscripts.hcl_jewels.TYSS_GIM_HJ_0004
20:33:48.458 [main] INFO  com.hcl.gim.baseutil.BaseTest - com.hcl.gim.testscripts.hcl_jewels.TYSS_GIM_HJ_0005
20:33:48.458 [main] INFO  com.hcl.gim.baseutil.BaseTest - com.hcl.gim.testscripts.hcl_jewels.TYSS_GIM_HJ_0006
20:33:48.458 [main] INFO  com.hcl.gim.baseutil.BaseTest - com.hcl.gim.testscripts.hcl_jewels.TYSS_GIM_HJ_0007
20:33:48.458 [main] INFO  com.hcl.gim.baseutil.BaseTest - com.hcl.gim.testscripts.hcl_jewels.TYSS_GIM_HJ_0008
20:33:48.459 [main] INFO  com.hcl.gim.baseutil.BaseTest - com.hcl.gim.testscripts.hcl_jewels.TYSS_GIM_HJ_0009
20:33:48.460 [main] INFO  com.hcl.gim.baseutil.BaseTest - com.hcl.gim.testscripts.hcl_jewels.TYSS_GIM_HJ_0010
20:33:48.461 [main] INFO  com.hcl.gim.baseutil.BaseTest - com.hcl.gim.testscripts.hcl_jewels.TYSS_GIM_HJ_0011
20:33:48.461 [main] INFO  com.hcl.gim.baseutil.BaseTest - com.hcl.gim.testscripts.hcl_jewels.TYSS_GIM_HJ_0012
20:33:48.461 [main] INFO  com.hcl.gim.baseutil.BaseTest - com.hcl.gim.testscripts.hcl_jewels.TYSS_GIM_HJ_0013
20:33:48.462 [main] INFO  com.hcl.gim.baseutil.BaseTest - com.hcl.gim.testscripts.hcl_jewels.TYSS_GIM_HJ_0014
20:33:48.462 [main] INFO  com.hcl.gim.baseutil.BaseTest - com.hcl.gim.testscripts.hcl_jewels.TYSS_GIM_HJ_0015
20:33:48.462 [main] INFO  com.hcl.gim.baseutil.BaseTest - com.hcl.gim.testscripts.hcl_jewels.TYSS_GIM_HJ_0016
20:33:48.463 [main] INFO  com.hcl.gim.baseutil.BaseTest - com.hcl.gim.testscripts.hcl_jewels.TYSS_GIM_HJ_0017
20:33:48.467 [main] INFO  com.hcl.gim.baseutil.BaseTest - com.hcl.gim.testscripts.hcl_jewels.TYSS_GIM_HJ_0018
20:33:48.470 [main] INFO  com.hcl.gim.baseutil.BaseTest - com.hcl.gim.testscripts.hcl_jewels.TYSS_GIM_HJ_0019
20:33:48.471 [main] INFO  com.hcl.gim.baseutil.BaseTest - com.hcl.gim.testscripts.hcl_jewels.TYSS_GIM_HJ_0020
20:33:48.471 [main] INFO  com.hcl.gim.baseutil.BaseTest - com.hcl.gim.testscripts.hcl_jewels.TYSS_GIM_HJ_0021
20:33:48.471 [main] INFO  com.hcl.gim.baseutil.BaseTest - com.hcl.gim.testscripts.ikhaya.TYSS_GIM_ISB_001
20:33:48.472 [main] INFO  com.hcl.gim.baseutil.BaseTest - com.hcl.gim.testscripts.ikhaya.TYSS_GIM_ISB_002
20:33:48.472 [main] INFO  com.hcl.gim.baseutil.BaseTest - com.hcl.gim.testscripts.ikhaya.TYSS_GIM_ISB_003
20:33:48.472 [main] INFO  com.hcl.gim.baseutil.BaseTest - com.hcl.gim.testscripts.ikhaya.TYSS_GIM_ISB_004
20:33:48.472 [main] INFO  com.hcl.gim.baseutil.BaseTest - com.hcl.gim.testscripts.ikhaya.TYSS_GIM_ISB_005
20:33:48.473 [main] INFO  com.hcl.gim.baseutil.BaseTest - com.hcl.gim.testscripts.ikhaya.TYSS_GIM_ISB_006
20:33:48.473 [main] INFO  com.hcl.gim.baseutil.BaseTest - com.hcl.gim.testscripts.ikhaya.TYSS_GIM_ISB_007
20:33:48.473 [main] INFO  com.hcl.gim.baseutil.BaseTest - com.hcl.gim.testscripts.ikhaya.TYSS_GIM_ISB_008
20:33:48.473 [main] INFO  com.hcl.gim.baseutil.BaseTest - com.hcl.gim.testscripts.ikhaya.TYSS_GIM_ISB_009
20:33:48.473 [main] INFO  com.hcl.gim.baseutil.BaseTest - com.hcl.gim.testscripts.ikhaya.TYSS_GIM_ISB_010
20:33:48.474 [main] INFO  com.hcl.gim.baseutil.BaseTest - com.hcl.gim.testscripts.ikhaya.TYSS_GIM_ISB_011
20:33:48.474 [main] INFO  com.hcl.gim.baseutil.BaseTest - com.hcl.gim.testscripts.ikhaya.TYSS_GIM_ISB_012
20:33:48.474 [main] INFO  com.hcl.gim.baseutil.BaseTest - com.hcl.gim.testscripts.ikhaya.TYSS_GIM_ISB_013
20:33:48.475 [main] INFO  com.hcl.gim.baseutil.BaseTest - com.hcl.gim.testscripts.ikhaya.TYSS_GIM_ISB_014
20:33:48.475 [main] INFO  com.hcl.gim.baseutil.BaseTest - com.hcl.gim.testscripts.ikhaya.TYSS_GIM_ISB_015
20:33:48.475 [main] INFO  com.hcl.gim.baseutil.BaseTest - com.hcl.gim.testscripts.ikhaya.TYSS_GIM_ISB_016
20:33:48.475 [main] INFO  com.hcl.gim.baseutil.BaseTest - com.hcl.gim.testscripts.ikhaya.TYSS_GIM_ISB_017
20:33:48.475 [main] INFO  com.hcl.gim.baseutil.BaseTest - com.hcl.gim.testscripts.ikhaya.TYSS_GIM_ISB_018
20:33:48.475 [main] INFO  com.hcl.gim.baseutil.BaseTest - com.hcl.gim.testscripts.ikhaya.TYSS_GIM_ISB_019
20:33:48.476 [main] INFO  com.hcl.gim.baseutil.BaseTest - com.hcl.gim.testscripts.ikhaya.TYSS_GIM_ISB_020
20:33:48.476 [main] INFO  com.hcl.gim.baseutil.BaseTest - com.hcl.gim.testscripts.ikhaya.TYSS_GIM_ISB_021
20:33:48.476 [main] INFO  com.hcl.gim.baseutil.BaseTest - com.hcl.gim.testscripts.ikhaya.TYSS_GIM_ISB_022
20:33:48.476 [main] INFO  com.hcl.gim.baseutil.BaseTest - com.hcl.gim.testscripts.ikhaya.TYSS_GIM_ISB_023
20:33:48.476 [main] INFO  com.hcl.gim.baseutil.BaseTest - com.hcl.gim.testscripts.ikhaya.TYSS_GIM_ISB_024
20:33:48.476 [main] INFO  com.hcl.gim.baseutil.BaseTest - com.hcl.gim.testscripts.patent_award.TYSS_GIM_PA_0001
20:33:48.477 [main] INFO  com.hcl.gim.baseutil.BaseTest - com.hcl.gim.testscripts.patent_award.TYSS_GIM_PA_0002
20:33:48.477 [main] INFO  com.hcl.gim.baseutil.BaseTest - com.hcl.gim.testscripts.patent_award.TYSS_GIM_PA_0003
20:33:48.477 [main] INFO  com.hcl.gim.baseutil.BaseTest - com.hcl.gim.testscripts.patent_award.TYSS_GIM_PA_0004
20:33:48.477 [main] INFO  com.hcl.gim.baseutil.BaseTest - com.hcl.gim.testscripts.patent_award.TYSS_GIM_PA_0005
20:33:48.477 [main] INFO  com.hcl.gim.baseutil.BaseTest - com.hcl.gim.testscripts.patent_award.TYSS_GIM_PA_0006
20:33:48.477 [main] INFO  com.hcl.gim.baseutil.BaseTest - com.hcl.gim.testscripts.patent_award.TYSS_GIM_PA_0007
20:33:48.477 [main] INFO  com.hcl.gim.baseutil.BaseTest - com.hcl.gim.testscripts.patent_award.TYSS_GIM_PA_0008
20:33:48.478 [main] INFO  com.hcl.gim.baseutil.BaseTest - com.hcl.gim.testscripts.patent_award.TYSS_GIM_PA_0009
20:33:48.478 [main] INFO  com.hcl.gim.baseutil.BaseTest - com.hcl.gim.testscripts.patent_award.TYSS_GIM_PA_0010
20:33:48.478 [main] INFO  com.hcl.gim.baseutil.BaseTest - com.hcl.gim.testscripts.patent_award.TYSS_GIM_PA_0011
20:33:48.478 [main] INFO  com.hcl.gim.baseutil.BaseTest - com.hcl.gim.testscripts.patent_award.TYSS_GIM_PA_0012
20:33:48.479 [main] INFO  com.hcl.gim.baseutil.BaseTest - com.hcl.gim.testscripts.patent_award.TYSS_GIM_PA_0013
20:33:48.479 [main] INFO  com.hcl.gim.baseutil.BaseTest - com.hcl.gim.testscripts.patent_award.TYSS_GIM_PA_0014
20:33:48.479 [main] INFO  com.hcl.gim.baseutil.BaseTest - com.hcl.gim.testscripts.patent_award.TYSS_GIM_PA_0015
20:33:48.479 [main] INFO  com.hcl.gim.baseutil.BaseTest - com.hcl.gim.testscripts.patent_award.TYSS_GIM_PA_0016
20:33:48.479 [main] INFO  com.hcl.gim.baseutil.BaseTest - com.hcl.gim.testscripts.patent_award.TYSS_GIM_PA_0017
20:33:48.479 [main] INFO  com.hcl.gim.baseutil.BaseTest - com.hcl.gim.testscripts.patent_award.TYSS_GIM_PA_0018
20:33:48.480 [main] INFO  com.hcl.gim.baseutil.BaseTest - com.hcl.gim.testscripts.patent_award.TYSS_GIM_PA_0019
20:33:48.480 [main] INFO  com.hcl.gim.baseutil.BaseTest - com.hcl.gim.testscripts.patent_award.TYSS_GIM_PA_0020
20:33:48.480 [main] INFO  com.hcl.gim.baseutil.BaseTest - com.hcl.gim.testscripts.patent_award.TYSS_GIM_PA_0021
20:33:48.480 [main] INFO  com.hcl.gim.baseutil.BaseTest - com.hcl.gim.testscripts.retention_bonus.TYSS_GIM_RB_0001
20:33:48.480 [main] INFO  com.hcl.gim.baseutil.BaseTest - com.hcl.gim.testscripts.retention_bonus.TYSS_GIM_RB_0002
20:33:48.480 [main] INFO  com.hcl.gim.baseutil.BaseTest - com.hcl.gim.testscripts.retention_bonus.TYSS_GIM_RB_0003
20:33:48.481 [main] INFO  com.hcl.gim.baseutil.BaseTest - com.hcl.gim.testscripts.retention_bonus.TYSS_GIM_RB_0004
20:33:48.481 [main] INFO  com.hcl.gim.baseutil.BaseTest - com.hcl.gim.testscripts.retention_bonus.TYSS_GIM_RB_0005
20:33:48.481 [main] INFO  com.hcl.gim.baseutil.BaseTest - com.hcl.gim.testscripts.retention_bonus.TYSS_GIM_RB_0006
20:33:48.481 [main] INFO  com.hcl.gim.baseutil.BaseTest - com.hcl.gim.testscripts.retention_bonus.TYSS_GIM_RB_0007
20:33:48.481 [main] INFO  com.hcl.gim.baseutil.BaseTest - com.hcl.gim.testscripts.retention_bonus.TYSS_GIM_RB_0008
20:33:48.482 [main] INFO  com.hcl.gim.baseutil.BaseTest - com.hcl.gim.testscripts.retention_bonus.TYSS_GIM_RB_0009
20:33:48.482 [main] INFO  com.hcl.gim.baseutil.BaseTest - com.hcl.gim.testscripts.retention_bonus.TYSS_GIM_RB_0010
20:33:48.482 [main] INFO  com.hcl.gim.baseutil.BaseTest - com.hcl.gim.testscripts.retention_bonus.TYSS_GIM_RB_0011
20:33:48.482 [main] INFO  com.hcl.gim.baseutil.BaseTest - com.hcl.gim.testscripts.retention_bonus.TYSS_GIM_RB_0012
20:33:48.482 [main] INFO  com.hcl.gim.baseutil.BaseTest - com.hcl.gim.testscripts.retention_bonus.TYSS_GIM_RB_0013
20:33:48.482 [main] INFO  com.hcl.gim.baseutil.BaseTest - com.hcl.gim.testscripts.retention_bonus.TYSS_GIM_RB_0014
20:33:48.483 [main] INFO  com.hcl.gim.baseutil.BaseTest - com.hcl.gim.testscripts.retention_bonus.TYSS_GIM_RB_0015
20:33:48.483 [main] INFO  com.hcl.gim.baseutil.BaseTest - com.hcl.gim.testscripts.retention_bonus.TYSS_GIM_RB_0016
20:33:48.483 [main] INFO  com.hcl.gim.baseutil.BaseTest - com.hcl.gim.testscripts.retention_bonus.TYSS_GIM_RB_0017
20:33:48.483 [main] INFO  com.hcl.gim.baseutil.BaseTest - com.hcl.gim.testscripts.retention_bonus.TYSS_GIM_RB_0018
20:33:48.483 [main] INFO  com.hcl.gim.baseutil.BaseTest - com.hcl.gim.testscripts.retention_bonus.TYSS_GIM_RB_0019
20:33:48.484 [main] INFO  com.hcl.gim.baseutil.BaseTest - com.hcl.gim.testscripts.retention_bonus.TYSS_GIM_RB_0020
20:33:48.484 [main] INFO  com.hcl.gim.baseutil.BaseTest - com.hcl.gim.testscripts.retention_bonus.TYSS_GIM_RB_0021
20:33:48.484 [main] INFO  com.hcl.gim.baseutil.BaseTest - com.hcl.gim.testscripts.rsu.TYSS_GIM_RSU_0001
20:33:48.484 [main] INFO  com.hcl.gim.baseutil.BaseTest - com.hcl.gim.testscripts.rsu.TYSS_GIM_RSU_0002
20:33:48.484 [main] INFO  com.hcl.gim.baseutil.BaseTest - com.hcl.gim.testscripts.rsu.TYSS_GIM_RSU_0003
20:33:48.484 [main] INFO  com.hcl.gim.baseutil.BaseTest - com.hcl.gim.testscripts.rsu.TYSS_GIM_RSU_0004
20:33:48.485 [main] INFO  com.hcl.gim.baseutil.BaseTest - com.hcl.gim.testscripts.rsu.TYSS_GIM_RSU_0005
20:33:48.485 [main] INFO  com.hcl.gim.baseutil.BaseTest - com.hcl.gim.testscripts.rsu.TYSS_GIM_RSU_0006
20:33:48.485 [main] INFO  com.hcl.gim.baseutil.BaseTest - com.hcl.gim.testscripts.rsu.TYSS_GIM_RSU_0007
20:33:48.485 [main] INFO  com.hcl.gim.baseutil.BaseTest - com.hcl.gim.testscripts.rsu.TYSS_GIM_RSU_0008
20:33:48.485 [main] INFO  com.hcl.gim.baseutil.BaseTest - com.hcl.gim.testscripts.rsu.TYSS_GIM_RSU_0009
20:33:48.485 [main] INFO  com.hcl.gim.baseutil.BaseTest - com.hcl.gim.testscripts.rsu.TYSS_GIM_RSU_0010
20:33:48.486 [main] INFO  com.hcl.gim.baseutil.BaseTest - com.hcl.gim.testscripts.rsu.TYSS_GIM_RSU_0011
20:33:48.486 [main] INFO  com.hcl.gim.baseutil.BaseTest - com.hcl.gim.testscripts.rsu.TYSS_GIM_RSU_0012
20:33:48.486 [main] INFO  com.hcl.gim.baseutil.BaseTest - com.hcl.gim.testscripts.rsu.TYSS_GIM_RSU_0013
20:33:48.486 [main] INFO  com.hcl.gim.baseutil.BaseTest - com.hcl.gim.testscripts.rsu.TYSS_GIM_RSU_0014
20:33:48.486 [main] INFO  com.hcl.gim.baseutil.BaseTest - com.hcl.gim.testscripts.rsu.TYSS_GIM_RSU_0015
20:33:48.487 [main] INFO  com.hcl.gim.baseutil.BaseTest - com.hcl.gim.testscripts.rsu.TYSS_GIM_RSU_0016
20:33:48.487 [main] INFO  com.hcl.gim.baseutil.BaseTest - com.hcl.gim.testscripts.rsu.TYSS_GIM_RSU_0017
20:33:48.487 [main] INFO  com.hcl.gim.baseutil.BaseTest - com.hcl.gim.testscripts.rsu.TYSS_GIM_RSU_0018
20:33:48.487 [main] INFO  com.hcl.gim.baseutil.BaseTest - com.hcl.gim.testscripts.rsu.TYSS_GIM_RSU_0019
20:33:48.487 [main] INFO  com.hcl.gim.baseutil.BaseTest - com.hcl.gim.testscripts.rsu.TYSS_GIM_RSU_0020
20:33:48.487 [main] INFO  com.hcl.gim.baseutil.BaseTest - com.hcl.gim.testscripts.rsu.TYSS_GIM_RSU_0021
20:33:48.488 [main] INFO  com.hcl.gim.baseutil.BaseTest - com.hcl.gim.testscripts.transport_allowance.TYSS_GIM_TA_0001
20:33:48.488 [main] INFO  com.hcl.gim.baseutil.BaseTest - com.hcl.gim.testscripts.transport_allowance.TYSS_GIM_TA_0002
20:33:48.489 [main] INFO  com.hcl.gim.baseutil.BaseTest - com.hcl.gim.testscripts.transport_allowance.TYSS_GIM_TA_0003
20:33:48.489 [main] INFO  com.hcl.gim.baseutil.BaseTest - com.hcl.gim.testscripts.transport_allowance.TYSS_GIM_TA_0004
20:33:48.489 [main] INFO  com.hcl.gim.baseutil.BaseTest - com.hcl.gim.testscripts.transport_allowance.TYSS_GIM_TA_0005
20:33:48.489 [main] INFO  com.hcl.gim.baseutil.BaseTest - com.hcl.gim.testscripts.transport_allowance.TYSS_GIM_TA_0006
20:33:48.489 [main] INFO  com.hcl.gim.baseutil.BaseTest - com.hcl.gim.testscripts.transport_allowance.TYSS_GIM_TA_0007
20:33:48.490 [main] INFO  com.hcl.gim.baseutil.BaseTest - com.hcl.gim.testscripts.transport_allowance.TYSS_GIM_TA_0008
20:33:48.490 [main] INFO  com.hcl.gim.baseutil.BaseTest - com.hcl.gim.testscripts.transport_allowance.TYSS_GIM_TA_0009
20:33:48.490 [main] INFO  com.hcl.gim.baseutil.BaseTest - com.hcl.gim.testscripts.transport_allowance.TYSS_GIM_TA_0010
20:33:48.490 [main] INFO  com.hcl.gim.baseutil.BaseTest - com.hcl.gim.testscripts.transport_allowance.TYSS_GIM_TA_0011
20:33:48.490 [main] INFO  com.hcl.gim.baseutil.BaseTest - com.hcl.gim.testscripts.transport_allowance.TYSS_GIM_TA_0012
20:33:48.490 [main] INFO  com.hcl.gim.baseutil.BaseTest - com.hcl.gim.testscripts.transport_allowance.TYSS_GIM_TA_0013
20:33:48.491 [main] INFO  com.hcl.gim.baseutil.BaseTest - com.hcl.gim.testscripts.transport_allowance.TYSS_GIM_TA_0014
20:33:48.491 [main] INFO  com.hcl.gim.baseutil.BaseTest - com.hcl.gim.testscripts.transport_allowance.TYSS_GIM_TA_0015
20:33:48.491 [main] INFO  com.hcl.gim.baseutil.BaseTest - com.hcl.gim.testscripts.transport_allowance.TYSS_GIM_TA_0016
20:33:48.492 [main] INFO  com.hcl.gim.baseutil.BaseTest - com.hcl.gim.testscripts.transport_allowance.TYSS_GIM_TA_0017
20:33:48.492 [main] INFO  com.hcl.gim.baseutil.BaseTest - com.hcl.gim.testscripts.transport_allowance.TYSS_GIM_TA_0018
20:33:48.492 [main] INFO  com.hcl.gim.baseutil.BaseTest - com.hcl.gim.testscripts.transport_allowance.TYSS_GIM_TA_0019
20:33:48.494 [main] INFO  com.hcl.gim.baseutil.BaseTest - com.hcl.gim.testscripts.transport_allowance.TYSS_GIM_TA_0020
20:33:48.499 [main] INFO  com.hcl.gim.baseutil.BaseTest - com.hcl.gim.testscripts.transport_allowance.TYSS_GIM_TA_0021
20:33:48.499 [main] INFO  com.hcl.gim.baseutil.BaseTest - com.hcl.gim.testscripts.transport_allowance.TYSS_GIM_TA_0022
20:33:48.500 [main] INFO  com.hcl.gim.baseutil.BaseTest - com.hcl.gim.testscripts.transport_allowance.TYSS_GIM_TA_0023
20:33:48.503 [main] INFO  com.hcl.gim.baseutil.BaseTest - com.hcl.gim.testscripts.transport_allowance.TYSS_GIM_TA_0024
