13:40:30.360 [main] INFO  com.hcl.gim.baseutil.BaseTest - 
13:40:30.367 [main] INFO  com.hcl.gim.baseutil.BaseTest - Running locally JavaMail
13:40:30.470 [main] INFO  com.hcl.gim.baseutil.BaseTest - Folder creation for Extent
13:40:30.487 [main] INFO  com.hcl.gim.baseutil.BaseTest - ExtentDir:-C:\HCL-GIM-Harsha\GIM-App-Harsha1/reports/Automation Report- 02_26_2021_13_40_30/Report/02_26_2021_13_40_30
13:40:30.654 [main] INFO  com.hcl.gim.baseutil.BaseTest - Report Initiated
13:40:30.658 [main] INFO  com.hcl.gim.baseutil.BaseTest - Screenshot folder created
13:40:38.393 [main] INFO  com.hcl.gim.testscripts.ikhaya.TYSS_GIM_ISB_014 - Chrome Browser is launched
13:40:39.661 [main] INFO  com.hcl.gim.testscripts.ikhaya.TYSS_GIM_ISB_014 - Expected text : Log in. is matching with the : Log in. text in the application 
13:40:39.662 [main] INFO  com.hcl.gim.testscripts.ikhaya.TYSS_GIM_ISB_014 - Log In page is displayed
13:40:39.662 [main] INFO  com.hcl.gim.testscripts.ikhaya.TYSS_GIM_ISB_014 - Enter the value into User Id text box
13:40:39.948 [main] INFO  com.hcl.gim.testscripts.ikhaya.TYSS_GIM_ISB_014 - 40136083 typed into User Id text box
13:40:39.949 [main] INFO  com.hcl.gim.testscripts.ikhaya.TYSS_GIM_ISB_014 - Enter the value into Password text box
13:40:40.191 [main] INFO  com.hcl.gim.testscripts.ikhaya.TYSS_GIM_ISB_014 - GIM@123# typed into Password text box
13:40:40.192 [main] INFO  com.hcl.gim.testscripts.ikhaya.TYSS_GIM_ISB_014 - Validate Login button is clickable
13:40:41.577 [main] INFO  com.hcl.gim.testscripts.ikhaya.TYSS_GIM_ISB_014 - Clicked on : Login button
13:40:42.327 [main] INFO  com.hcl.gim.testscripts.ikhaya.TYSS_GIM_ISB_014 - GEO HR-Log in is successfull
13:40:42.468 [main] INFO  com.hcl.gim.testscripts.ikhaya.TYSS_GIM_ISB_014 - Expected text : HR Partner Manual is matching with the : HR Partner Manual text in the application 
13:40:42.468 [main] INFO  com.hcl.gim.testscripts.ikhaya.TYSS_GIM_ISB_014 - HR Partner Manual popup is displayed
13:40:42.469 [main] INFO  com.hcl.gim.testscripts.ikhaya.TYSS_GIM_ISB_014 - Validate Close button on HCL Banner is clickable
13:40:42.707 [main] INFO  com.hcl.gim.testscripts.ikhaya.TYSS_GIM_ISB_014 - Clicked on : Close button on HCL Banner
13:40:42.855 [main] INFO  com.hcl.gim.testscripts.ikhaya.TYSS_GIM_ISB_014 - Home page is displayed, url= https://staging.myhcl.com/GIM/Home/Index, title= Home Page
13:40:42.868 [main] INFO  com.hcl.gim.testscripts.ikhaya.TYSS_GIM_ISB_014 - Role: Employee
13:40:42.870 [main] INFO  com.hcl.gim.testscripts.ikhaya.TYSS_GIM_ISB_014 - Validate Geo HR Initiate On Behalf Of Employee button is clickable
13:40:43.709 [main] INFO  com.hcl.gim.testscripts.ikhaya.TYSS_GIM_ISB_014 - Clicked on : Geo HR Initiate On Behalf Of Employee button
13:40:43.785 [main] INFO  com.hcl.gim.testscripts.ikhaya.TYSS_GIM_ISB_014 - Initiate Claim page is displayed, url= https://staging.myhcl.com/GIM/HRPartner/InitiateClaim, title= InitiateClaim
13:40:43.797 [main] INFO  com.hcl.gim.testscripts.ikhaya.TYSS_GIM_ISB_014 - Wait for Select Claim type Drop down
13:40:43.955 [main] INFO  com.hcl.gim.testscripts.ikhaya.TYSS_GIM_ISB_014 - Validate Select Claim type Drop down is clickable
13:40:44.391 [main] INFO  com.hcl.gim.testscripts.ikhaya.TYSS_GIM_ISB_014 - Clicked on : Select Claim type Drop down
13:40:45.488 [main] INFO  com.hcl.gim.testscripts.ikhaya.TYSS_GIM_ISB_014 - List of all Claim types from the Drop down is displayed.
13:40:45.524 [main] INFO  com.hcl.gim.testscripts.ikhaya.TYSS_GIM_ISB_014 - Wait for Ikahya safety bonus( client-seriti/elango)
13:40:45.833 [main] INFO  com.hcl.gim.testscripts.ikhaya.TYSS_GIM_ISB_014 - Able to mouse over on  Ikahya safety bonus( client-seriti/elango)
13:40:46.119 [main] INFO  com.hcl.gim.testscripts.ikhaya.TYSS_GIM_ISB_014 - Clicked on : Ikahya safety bonus( client-seriti/elango)
13:40:46.164 [main] INFO  com.hcl.gim.testscripts.ikhaya.TYSS_GIM_ISB_014 - Able to select Ikahya safety bonus( client-seriti/elango) from the Dropdown and default selection is Copy & Paste 
13:40:46.232 [main] INFO  com.hcl.gim.testscripts.ikhaya.TYSS_GIM_ISB_014 - Expected text : Ikahya safety bonus( client-seriti/elango) is matching with the : Ikahya safety bonus( client-seriti/elango) text in the application 
13:40:46.233 [main] INFO  com.hcl.gim.testscripts.ikhaya.TYSS_GIM_ISB_014 - Ikahya safety bonus( client-seriti/elango) is selected and default selection is Copy & Paste
13:40:46.246 [main] INFO  com.hcl.gim.testscripts.ikhaya.TYSS_GIM_ISB_014 - Scroll up
13:40:46.955 [main] INFO  com.hcl.gim.testscripts.ikhaya.TYSS_GIM_ISB_014 - Scroll up
13:40:47.037 [main] INFO  com.hcl.gim.testscripts.ikhaya.TYSS_GIM_ISB_014 - Wait for Excel Upload Radio Button
13:40:47.180 [main] INFO  com.hcl.gim.testscripts.ikhaya.TYSS_GIM_ISB_014 - Validate Excel Upload Radio Button is clickable
13:40:47.319 [main] INFO  com.hcl.gim.testscripts.ikhaya.TYSS_GIM_ISB_014 - Clicked on : Excel Upload Radio Button
13:40:47.380 [main] INFO  com.hcl.gim.testscripts.ikhaya.TYSS_GIM_ISB_014 - Excel Upload option is selected
13:40:47.380 [main] INFO  com.hcl.gim.testscripts.ikhaya.TYSS_GIM_ISB_014 - Wait for Download Form Template Link
13:40:47.555 [main] INFO  com.hcl.gim.testscripts.ikhaya.TYSS_GIM_ISB_014 - Validate Download Form Template Link is clickable
13:40:47.793 [main] INFO  com.hcl.gim.testscripts.ikhaya.TYSS_GIM_ISB_014 - Clicked on : Download Form Template Link
13:40:47.849 [main] INFO  com.hcl.gim.testscripts.ikhaya.TYSS_GIM_ISB_014 - New File Created:7e0947a4-2034-457d-b746-681ff32a1e5d.tmp
13:40:47.920 [main] INFO  com.hcl.gim.testscripts.ikhaya.TYSS_GIM_ISB_014 - New File Created:Claim (7).xlsx.crdownload
13:40:48.129 [main] INFO  com.hcl.gim.testscripts.ikhaya.TYSS_GIM_ISB_014 - New File Created:Claim (7).xlsx
13:40:48.130 [main] INFO  com.hcl.gim.testscripts.ikhaya.TYSS_GIM_ISB_014 - Downloaded file found with extension .xlsx. File name is Claim (7).xlsx
13:40:48.630 [main] INFO  com.hcl.gim.testscripts.ikhaya.TYSS_GIM_ISB_014 - Downloaded document name is Claim (7).xlsx
13:40:48.630 [main] INFO  com.hcl.gim.testscripts.ikhaya.TYSS_GIM_ISB_014 - Template with Filename Claim (7).xlsx downloaded successfully
13:40:48.905 [main] INFO  com.hcl.gim.testscripts.ikhaya.TYSS_GIM_ISB_014 - [51400641, 16, 4270, 125, 2/13/2019  , 7/13/2019  , R2, 3, Test1]
13:40:57.016 [main] INFO  com.hcl.gim.testscripts.ikhaya.TYSS_GIM_ISB_014 - Wait for Upload Template Link
13:40:57.253 [main] INFO  com.hcl.gim.testscripts.ikhaya.TYSS_GIM_ISB_014 - Validate Upload Template Link is clickable
13:40:57.498 [main] INFO  com.hcl.gim.testscripts.ikhaya.TYSS_GIM_ISB_014 - Clicked on : Upload Template Link
13:41:04.760 [main] INFO  com.hcl.gim.testscripts.ikhaya.TYSS_GIM_ISB_014 - Wait for Excel Upload Document Link
13:41:04.951 [main] INFO  com.hcl.gim.testscripts.ikhaya.TYSS_GIM_ISB_014 - Validate Excel Upload Document Link is clickable
13:41:05.156 [main] INFO  com.hcl.gim.testscripts.ikhaya.TYSS_GIM_ISB_014 - Clicked on : Excel Upload Document Link
13:41:12.319 [main] INFO  com.hcl.gim.testscripts.ikhaya.TYSS_GIM_ISB_014 - Expected text : Sample(PDF).pdf is matching with the : Sample(PDF).pdf text in the application 
13:41:12.326 [main] INFO  com.hcl.gim.testscripts.ikhaya.TYSS_GIM_ISB_014 - Sample(PDF).pdf file is uploaded
13:41:12.326 [main] INFO  com.hcl.gim.testscripts.ikhaya.TYSS_GIM_ISB_014 - Wait for Excel Upload Button
13:41:12.842 [main] INFO  com.hcl.gim.testscripts.ikhaya.TYSS_GIM_ISB_014 - Validate Excel Upload Button is clickable
13:41:13.155 [main] INFO  com.hcl.gim.testscripts.ikhaya.TYSS_GIM_ISB_014 - Clicked on : Excel Upload Button
13:41:19.676 [main] INFO  com.hcl.gim.testscripts.ikhaya.TYSS_GIM_ISB_014 - Expected text : Are you sure you want to proceed? is matching with the : Are you sure you want to proceed? text in the application 
13:41:19.677 [main] INFO  com.hcl.gim.testscripts.ikhaya.TYSS_GIM_ISB_014 - Are you sure you want to proceed Dialog box is displayed
13:41:19.677 [main] INFO  com.hcl.gim.testscripts.ikhaya.TYSS_GIM_ISB_014 - Wait for Yes Button
13:41:21.800 [main] INFO  com.hcl.gim.testscripts.ikhaya.TYSS_GIM_ISB_014 - Validate Yes Button is clickable
13:41:21.954 [main] INFO  com.hcl.gim.testscripts.ikhaya.TYSS_GIM_ISB_014 - Clicked on : Yes Button
13:42:02.886 [main] ERROR com.hcl.gim.testscripts.ikhaya.TYSS_GIM_ISB_014 - java.net.ConnectException: Failed to connect to localhost/0:0:0:0:0:0:0:1:50414
Build info: version: '3.141.59', revision: 'e82be7d358', time: '2018-11-14T08:25:53'
System info: host: 'HCLT-PC5929-1', ip: '10.98.101.172', os.name: 'Windows Server 2019', os.arch: 'amd64', os.version: '10.0', java.version: '11.0.9'
Driver info: driver.version: RemoteWebDriver
