21:53:34.003 [main] INFO  com.hcl.gim.baseutil.BaseTest - C:\HCL-GIM-Harsha\GIM-App-Harsha1/Controller.xlsx
21:53:34.167 [main] INFO  com.hcl.gim.baseutil.BaseTest - com.hcl.gim.testscripts.car_parking_deduction.TYSS_GIM_CPD_0001
21:53:34.168 [main] INFO  com.hcl.gim.baseutil.BaseTest - com.hcl.gim.testscripts.car_parking_deduction.TYSS_GIM_CPD_0002
21:53:34.174 [main] INFO  com.hcl.gim.baseutil.BaseTest - com.hcl.gim.testscripts.car_parking_deduction.TYSS_GIM_CPD_0003
21:53:34.180 [main] INFO  com.hcl.gim.baseutil.BaseTest - com.hcl.gim.testscripts.car_parking_deduction.TYSS_GIM_CPD_0004
21:53:34.186 [main] INFO  com.hcl.gim.baseutil.BaseTest - com.hcl.gim.testscripts.car_parking_deduction.TYSS_GIM_CPD_0005
21:53:34.194 [main] INFO  com.hcl.gim.baseutil.BaseTest - com.hcl.gim.testscripts.car_parking_deduction.TYSS_GIM_CPD_0006
21:53:34.196 [main] INFO  com.hcl.gim.baseutil.BaseTest - com.hcl.gim.testscripts.car_parking_deduction.TYSS_GIM_CPD_0007
21:53:34.197 [main] INFO  com.hcl.gim.baseutil.BaseTest - com.hcl.gim.testscripts.car_parking_deduction.TYSS_GIM_CPD_0008
21:53:34.197 [main] INFO  com.hcl.gim.baseutil.BaseTest - com.hcl.gim.testscripts.car_parking_deduction.TYSS_GIM_CPD_0009
21:53:34.198 [main] INFO  com.hcl.gim.baseutil.BaseTest - com.hcl.gim.testscripts.car_parking_deduction.TYSS_GIM_CPD_0010
21:53:34.198 [main] INFO  com.hcl.gim.baseutil.BaseTest - com.hcl.gim.testscripts.car_parking_deduction.TYSS_GIM_CPD_0011
21:53:34.198 [main] INFO  com.hcl.gim.baseutil.BaseTest - com.hcl.gim.testscripts.car_parking_deduction.TYSS_GIM_CPD_0012
21:53:34.198 [main] INFO  com.hcl.gim.baseutil.BaseTest - com.hcl.gim.testscripts.car_parking_deduction.TYSS_GIM_CPD_0013
21:53:34.198 [main] INFO  com.hcl.gim.baseutil.BaseTest - com.hcl.gim.testscripts.child_education.TYSS_GIM_CEA_0001
21:53:34.198 [main] INFO  com.hcl.gim.baseutil.BaseTest - com.hcl.gim.testscripts.child_education.TYSS_GIM_CEA_0002
21:53:34.198 [main] INFO  com.hcl.gim.baseutil.BaseTest - com.hcl.gim.testscripts.child_education.TYSS_GIM_CEA_0003
21:53:34.198 [main] INFO  com.hcl.gim.baseutil.BaseTest - com.hcl.gim.testscripts.child_education.TYSS_GIM_CEA_0004
21:53:34.199 [main] INFO  com.hcl.gim.baseutil.BaseTest - com.hcl.gim.testscripts.child_education.TYSS_GIM_CEA_0005
21:53:34.199 [main] INFO  com.hcl.gim.baseutil.BaseTest - com.hcl.gim.testscripts.child_education.TYSS_GIM_CEA_0006
21:53:34.199 [main] INFO  com.hcl.gim.baseutil.BaseTest - com.hcl.gim.testscripts.child_education.TYSS_GIM_CEA_0007
21:53:34.199 [main] INFO  com.hcl.gim.baseutil.BaseTest - com.hcl.gim.testscripts.child_education.TYSS_GIM_CEA_0008
21:53:34.199 [main] INFO  com.hcl.gim.baseutil.BaseTest - com.hcl.gim.testscripts.child_education.TYSS_GIM_CEA_0009
21:53:34.199 [main] INFO  com.hcl.gim.baseutil.BaseTest - com.hcl.gim.testscripts.child_education.TYSS_GIM_CEA_0010
21:53:34.200 [main] INFO  com.hcl.gim.baseutil.BaseTest - com.hcl.gim.testscripts.child_education.TYSS_GIM_CEA_0011
21:53:34.200 [main] INFO  com.hcl.gim.baseutil.BaseTest - com.hcl.gim.testscripts.child_education.TYSS_GIM_CEA_0012
21:53:34.200 [main] INFO  com.hcl.gim.baseutil.BaseTest - com.hcl.gim.testscripts.clientbonus_reward_incentive.TYSS_GIM_CBRI_0001
21:53:34.200 [main] INFO  com.hcl.gim.baseutil.BaseTest - com.hcl.gim.testscripts.clientbonus_reward_incentive.TYSS_GIM_CBRI_0002
21:53:34.200 [main] INFO  com.hcl.gim.baseutil.BaseTest - com.hcl.gim.testscripts.clientbonus_reward_incentive.TYSS_GIM_CBRI_0003
21:53:34.200 [main] INFO  com.hcl.gim.baseutil.BaseTest - com.hcl.gim.testscripts.clientbonus_reward_incentive.TYSS_GIM_CBRI_0004
21:53:34.200 [main] INFO  com.hcl.gim.baseutil.BaseTest - com.hcl.gim.testscripts.clientbonus_reward_incentive.TYSS_GIM_CBRI_0005
21:53:34.200 [main] INFO  com.hcl.gim.baseutil.BaseTest - com.hcl.gim.testscripts.clientbonus_reward_incentive.TYSS_GIM_CBRI_0006
21:53:34.201 [main] INFO  com.hcl.gim.baseutil.BaseTest - com.hcl.gim.testscripts.clientbonus_reward_incentive.TYSS_GIM_CBRI_0007
21:53:34.201 [main] INFO  com.hcl.gim.baseutil.BaseTest - com.hcl.gim.testscripts.clientbonus_reward_incentive.TYSS_GIM_CBRI_0008
21:53:34.201 [main] INFO  com.hcl.gim.baseutil.BaseTest - com.hcl.gim.testscripts.clientbonus_reward_incentive.TYSS_GIM_CBRI_0009
21:53:34.204 [main] INFO  com.hcl.gim.baseutil.BaseTest - com.hcl.gim.testscripts.clientbonus_reward_incentive.TYSS_GIM_CBRI_0010
21:53:34.205 [main] INFO  com.hcl.gim.baseutil.BaseTest - com.hcl.gim.testscripts.clientbonus_reward_incentive.TYSS_GIM_CBRI_0011
21:53:34.205 [main] INFO  com.hcl.gim.baseutil.BaseTest - com.hcl.gim.testscripts.clientbonus_reward_incentive.TYSS_GIM_CBRI_0012
21:53:34.205 [main] INFO  com.hcl.gim.baseutil.BaseTest - com.hcl.gim.testscripts.clientbonus_reward_incentive.TYSS_GIM_CBRI_0013
21:53:34.222 [main] INFO  com.hcl.gim.baseutil.BaseTest - com.hcl.gim.testscripts.clientbonus_reward_incentive.TYSS_GIM_CBRI_0014
21:53:34.227 [main] INFO  com.hcl.gim.baseutil.BaseTest - com.hcl.gim.testscripts.clientbonus_reward_incentive.TYSS_GIM_CBRI_0015
21:53:34.227 [main] INFO  com.hcl.gim.baseutil.BaseTest - com.hcl.gim.testscripts.clientbonus_reward_incentive.TYSS_GIM_CBRI_0016
21:53:34.227 [main] INFO  com.hcl.gim.baseutil.BaseTest - com.hcl.gim.testscripts.clientbonus_reward_incentive.TYSS_GIM_CBRI_0017
21:53:34.243 [main] INFO  com.hcl.gim.baseutil.BaseTest - com.hcl.gim.testscripts.clientbonus_reward_incentive.TYSS_GIM_CBRI_0018
21:53:34.253 [main] INFO  com.hcl.gim.baseutil.BaseTest - com.hcl.gim.testscripts.clientbonus_reward_incentive.TYSS_GIM_CBRI_0019
21:53:34.255 [main] INFO  com.hcl.gim.baseutil.BaseTest - com.hcl.gim.testscripts.clientbonus_reward_incentive.TYSS_GIM_CBRI_0020
21:53:34.257 [main] INFO  com.hcl.gim.baseutil.BaseTest - com.hcl.gim.testscripts.clientbonus_reward_incentive.TYSS_GIM_CBRI_0021
21:53:34.264 [main] INFO  com.hcl.gim.baseutil.BaseTest - com.hcl.gim.testscripts.exgratia_language_allowance.TYSS_GIM_ELA_0001
21:53:34.265 [main] INFO  com.hcl.gim.baseutil.BaseTest - com.hcl.gim.testscripts.exgratia_language_allowance.TYSS_GIM_ELA_0002
21:53:34.266 [main] INFO  com.hcl.gim.baseutil.BaseTest - com.hcl.gim.testscripts.exgratia_language_allowance.TYSS_GIM_ELA_0003
21:53:34.270 [main] INFO  com.hcl.gim.baseutil.BaseTest - com.hcl.gim.testscripts.exgratia_language_allowance.TYSS_GIM_ELA_0004
21:53:34.271 [main] INFO  com.hcl.gim.baseutil.BaseTest - com.hcl.gim.testscripts.exgratia_language_allowance.TYSS_GIM_ELA_0005
21:53:34.272 [main] INFO  com.hcl.gim.baseutil.BaseTest - com.hcl.gim.testscripts.exgratia_language_allowance.TYSS_GIM_ELA_0006
21:53:34.273 [main] INFO  com.hcl.gim.baseutil.BaseTest - com.hcl.gim.testscripts.exgratia_language_allowance.TYSS_GIM_ELA_0007
21:53:34.273 [main] INFO  com.hcl.gim.baseutil.BaseTest - com.hcl.gim.testscripts.exgratia_language_allowance.TYSS_GIM_ELA_0008
21:53:34.274 [main] INFO  com.hcl.gim.baseutil.BaseTest - com.hcl.gim.testscripts.exgratia_language_allowance.TYSS_GIM_ELA_0009
21:53:34.276 [main] INFO  com.hcl.gim.baseutil.BaseTest - com.hcl.gim.testscripts.exgratia_language_allowance.TYSS_GIM_ELA_0010
21:53:34.278 [main] INFO  com.hcl.gim.baseutil.BaseTest - com.hcl.gim.testscripts.exgratia_language_allowance.TYSS_GIM_ELA_0011
21:53:34.279 [main] INFO  com.hcl.gim.baseutil.BaseTest - com.hcl.gim.testscripts.exgratia_language_allowance.TYSS_GIM_ELA_0012
21:53:34.279 [main] INFO  com.hcl.gim.baseutil.BaseTest - com.hcl.gim.testscripts.exgratia_language_allowance.TYSS_GIM_ELA_0013
21:53:34.280 [main] INFO  com.hcl.gim.baseutil.BaseTest - com.hcl.gim.testscripts.exgratia_language_allowance.TYSS_GIM_ELA_0014
21:53:34.281 [main] INFO  com.hcl.gim.baseutil.BaseTest - com.hcl.gim.testscripts.exgratia_language_allowance.TYSS_GIM_ELA_0015
21:53:34.281 [main] INFO  com.hcl.gim.baseutil.BaseTest - com.hcl.gim.testscripts.exgratia_language_allowance.TYSS_GIM_ELA_0016
21:53:34.281 [main] INFO  com.hcl.gim.baseutil.BaseTest - com.hcl.gim.testscripts.exgratia_language_allowance.TYSS_GIM_ELA_0017
21:53:34.282 [main] INFO  com.hcl.gim.baseutil.BaseTest - com.hcl.gim.testscripts.exgratia_language_allowance.TYSS_GIM_ELA_0018
21:53:34.282 [main] INFO  com.hcl.gim.baseutil.BaseTest - com.hcl.gim.testscripts.exgratia_language_allowance.TYSS_GIM_ELA_0019
21:53:34.283 [main] INFO  com.hcl.gim.baseutil.BaseTest - com.hcl.gim.testscripts.exgratia_language_allowance.TYSS_GIM_ELA_0020
21:53:34.286 [main] INFO  com.hcl.gim.baseutil.BaseTest - com.hcl.gim.testscripts.exgratia_language_allowance.TYSS_GIM_ELA_0021
21:53:34.286 [main] INFO  com.hcl.gim.baseutil.BaseTest - com.hcl.gim.testscripts.exgratia_others.TYSS_GIM_EXO_0001
21:53:34.286 [main] INFO  com.hcl.gim.baseutil.BaseTest - com.hcl.gim.testscripts.exgratia_others.TYSS_GIM_EXO_0002
21:53:34.287 [main] INFO  com.hcl.gim.baseutil.BaseTest - com.hcl.gim.testscripts.exgratia_others.TYSS_GIM_EXO_0003
21:53:34.287 [main] INFO  com.hcl.gim.baseutil.BaseTest - com.hcl.gim.testscripts.exgratia_others.TYSS_GIM_EXO_0004
21:53:34.287 [main] INFO  com.hcl.gim.baseutil.BaseTest - com.hcl.gim.testscripts.exgratia_others.TYSS_GIM_EXO_0005
21:53:34.288 [main] INFO  com.hcl.gim.baseutil.BaseTest - com.hcl.gim.testscripts.exgratia_others.TYSS_GIM_EXO_0006
21:53:34.288 [main] INFO  com.hcl.gim.baseutil.BaseTest - com.hcl.gim.testscripts.exgratia_others.TYSS_GIM_EXO_0007
21:53:34.289 [main] INFO  com.hcl.gim.baseutil.BaseTest - com.hcl.gim.testscripts.exgratia_others.TYSS_GIM_EXO_0008
21:53:34.289 [main] INFO  com.hcl.gim.baseutil.BaseTest - com.hcl.gim.testscripts.exgratia_others.TYSS_GIM_EXO_0009
21:53:34.289 [main] INFO  com.hcl.gim.baseutil.BaseTest - com.hcl.gim.testscripts.exgratia_others.TYSS_GIM_EXO_0010
21:53:34.289 [main] INFO  com.hcl.gim.baseutil.BaseTest - com.hcl.gim.testscripts.exgratia_others.TYSS_GIM_EXO_0011
21:53:34.289 [main] INFO  com.hcl.gim.baseutil.BaseTest - com.hcl.gim.testscripts.exgratia_others.TYSS_GIM_EXO_0012
21:53:34.290 [main] INFO  com.hcl.gim.baseutil.BaseTest - com.hcl.gim.testscripts.exgratia_others.TYSS_GIM_EXO_0013
21:53:34.290 [main] INFO  com.hcl.gim.baseutil.BaseTest - com.hcl.gim.testscripts.exgratia_others.TYSS_GIM_EXO_0014
21:53:34.290 [main] INFO  com.hcl.gim.baseutil.BaseTest - com.hcl.gim.testscripts.exgratia_others.TYSS_GIM_EXO_0015
21:53:34.291 [main] INFO  com.hcl.gim.baseutil.BaseTest - com.hcl.gim.testscripts.exgratia_others.TYSS_GIM_EXO_0016
21:53:34.291 [main] INFO  com.hcl.gim.baseutil.BaseTest - com.hcl.gim.testscripts.exgratia_others.TYSS_GIM_EXO_0017
21:53:34.292 [main] INFO  com.hcl.gim.baseutil.BaseTest - com.hcl.gim.testscripts.exgratia_others.TYSS_GIM_EXO_0018
21:53:34.292 [main] INFO  com.hcl.gim.baseutil.BaseTest - com.hcl.gim.testscripts.exgratia_others.TYSS_GIM_EXO_0019
21:53:34.293 [main] INFO  com.hcl.gim.baseutil.BaseTest - com.hcl.gim.testscripts.exgratia_others.TYSS_GIM_EXO_0020
21:53:34.293 [main] INFO  com.hcl.gim.baseutil.BaseTest - com.hcl.gim.testscripts.exgratia_others.TYSS_GIM_EXO_0021
21:53:34.293 [main] INFO  com.hcl.gim.baseutil.BaseTest - com.hcl.gim.testscripts.exgratia_others.TYSS_GIM_EXO_0022
21:53:34.293 [main] INFO  com.hcl.gim.baseutil.BaseTest - com.hcl.gim.testscripts.exgratia_others.TYSS_GIM_EXO_0023
21:53:34.293 [main] INFO  com.hcl.gim.baseutil.BaseTest - com.hcl.gim.testscripts.exgratia_others.TYSS_GIM_EXO_0024
21:53:34.294 [main] INFO  com.hcl.gim.baseutil.BaseTest - com.hcl.gim.testscripts.foundation_bonus.TYSS_GIM_FB_0001
21:53:34.294 [main] INFO  com.hcl.gim.baseutil.BaseTest - com.hcl.gim.testscripts.foundation_bonus.TYSS_GIM_FB_0002
21:53:34.294 [main] INFO  com.hcl.gim.baseutil.BaseTest - com.hcl.gim.testscripts.foundation_bonus.TYSS_GIM_FB_0003
21:53:34.294 [main] INFO  com.hcl.gim.baseutil.BaseTest - com.hcl.gim.testscripts.foundation_bonus.TYSS_GIM_FB_0004
21:53:34.294 [main] INFO  com.hcl.gim.baseutil.BaseTest - com.hcl.gim.testscripts.foundation_bonus.TYSS_GIM_FB_0005
21:53:34.294 [main] INFO  com.hcl.gim.baseutil.BaseTest - com.hcl.gim.testscripts.foundation_bonus.TYSS_GIM_FB_0006
21:53:34.294 [main] INFO  com.hcl.gim.baseutil.BaseTest - com.hcl.gim.testscripts.foundation_bonus.TYSS_GIM_FB_0007
21:53:34.296 [main] INFO  com.hcl.gim.baseutil.BaseTest - com.hcl.gim.testscripts.foundation_bonus.TYSS_GIM_FB_0008
21:53:34.296 [main] INFO  com.hcl.gim.baseutil.BaseTest - com.hcl.gim.testscripts.foundation_bonus.TYSS_GIM_FB_0009
21:53:34.297 [main] INFO  com.hcl.gim.baseutil.BaseTest - com.hcl.gim.testscripts.foundation_bonus.TYSS_GIM_FB_0010
21:53:34.297 [main] INFO  com.hcl.gim.baseutil.BaseTest - com.hcl.gim.testscripts.foundation_bonus.TYSS_GIM_FB_0011
21:53:34.297 [main] INFO  com.hcl.gim.baseutil.BaseTest - com.hcl.gim.testscripts.foundation_bonus.TYSS_GIM_FB_0012
21:53:34.297 [main] INFO  com.hcl.gim.baseutil.BaseTest - com.hcl.gim.testscripts.foundation_bonus.TYSS_GIM_FB_0013
21:53:34.297 [main] INFO  com.hcl.gim.baseutil.BaseTest - com.hcl.gim.testscripts.foundation_bonus.TYSS_GIM_FB_0014
21:53:34.297 [main] INFO  com.hcl.gim.baseutil.BaseTest - com.hcl.gim.testscripts.foundation_bonus.TYSS_GIM_FB_0015
21:53:34.297 [main] INFO  com.hcl.gim.baseutil.BaseTest - com.hcl.gim.testscripts.foundation_bonus.TYSS_GIM_FB_0016
21:53:34.297 [main] INFO  com.hcl.gim.baseutil.BaseTest - com.hcl.gim.testscripts.foundation_bonus.TYSS_GIM_FB_0017
21:53:34.297 [main] INFO  com.hcl.gim.baseutil.BaseTest - com.hcl.gim.testscripts.foundation_bonus.TYSS_GIM_FB_0018
21:53:34.297 [main] INFO  com.hcl.gim.baseutil.BaseTest - com.hcl.gim.testscripts.foundation_bonus.TYSS_GIM_FB_0019
21:53:34.298 [main] INFO  com.hcl.gim.baseutil.BaseTest - com.hcl.gim.testscripts.hcl_jewels.TYSS_GIM_HJ_0001
21:53:34.298 [main] INFO  com.hcl.gim.baseutil.BaseTest - com.hcl.gim.testscripts.hcl_jewels.TYSS_GIM_HJ_0002
21:53:34.298 [main] INFO  com.hcl.gim.baseutil.BaseTest - com.hcl.gim.testscripts.hcl_jewels.TYSS_GIM_HJ_0003
21:53:34.298 [main] INFO  com.hcl.gim.baseutil.BaseTest - com.hcl.gim.testscripts.hcl_jewels.TYSS_GIM_HJ_0004
21:53:34.298 [main] INFO  com.hcl.gim.baseutil.BaseTest - com.hcl.gim.testscripts.hcl_jewels.TYSS_GIM_HJ_0005
21:53:34.298 [main] INFO  com.hcl.gim.baseutil.BaseTest - com.hcl.gim.testscripts.hcl_jewels.TYSS_GIM_HJ_0006
21:53:34.299 [main] INFO  com.hcl.gim.baseutil.BaseTest - com.hcl.gim.testscripts.hcl_jewels.TYSS_GIM_HJ_0007
21:53:34.299 [main] INFO  com.hcl.gim.baseutil.BaseTest - com.hcl.gim.testscripts.hcl_jewels.TYSS_GIM_HJ_0008
21:53:34.299 [main] INFO  com.hcl.gim.baseutil.BaseTest - com.hcl.gim.testscripts.hcl_jewels.TYSS_GIM_HJ_0009
21:53:34.299 [main] INFO  com.hcl.gim.baseutil.BaseTest - com.hcl.gim.testscripts.hcl_jewels.TYSS_GIM_HJ_0010
21:53:34.299 [main] INFO  com.hcl.gim.baseutil.BaseTest - com.hcl.gim.testscripts.hcl_jewels.TYSS_GIM_HJ_0011
21:53:34.299 [main] INFO  com.hcl.gim.baseutil.BaseTest - com.hcl.gim.testscripts.hcl_jewels.TYSS_GIM_HJ_0012
21:53:34.299 [main] INFO  com.hcl.gim.baseutil.BaseTest - com.hcl.gim.testscripts.hcl_jewels.TYSS_GIM_HJ_0013
21:53:34.300 [main] INFO  com.hcl.gim.baseutil.BaseTest - com.hcl.gim.testscripts.hcl_jewels.TYSS_GIM_HJ_0014
21:53:34.300 [main] INFO  com.hcl.gim.baseutil.BaseTest - com.hcl.gim.testscripts.hcl_jewels.TYSS_GIM_HJ_0015
21:53:34.300 [main] INFO  com.hcl.gim.baseutil.BaseTest - com.hcl.gim.testscripts.hcl_jewels.TYSS_GIM_HJ_0016
21:53:34.301 [main] INFO  com.hcl.gim.baseutil.BaseTest - com.hcl.gim.testscripts.hcl_jewels.TYSS_GIM_HJ_0017
21:53:34.302 [main] INFO  com.hcl.gim.baseutil.BaseTest - com.hcl.gim.testscripts.hcl_jewels.TYSS_GIM_HJ_0018
21:53:34.303 [main] INFO  com.hcl.gim.baseutil.BaseTest - com.hcl.gim.testscripts.hcl_jewels.TYSS_GIM_HJ_0019
21:53:34.305 [main] INFO  com.hcl.gim.baseutil.BaseTest - com.hcl.gim.testscripts.hcl_jewels.TYSS_GIM_HJ_0020
21:53:34.307 [main] INFO  com.hcl.gim.baseutil.BaseTest - com.hcl.gim.testscripts.hcl_jewels.TYSS_GIM_HJ_0021
21:53:34.307 [main] INFO  com.hcl.gim.baseutil.BaseTest - com.hcl.gim.testscripts.ikhaya.TYSS_GIM_ISB_001
21:53:34.307 [main] INFO  com.hcl.gim.baseutil.BaseTest - com.hcl.gim.testscripts.ikhaya.TYSS_GIM_ISB_002
21:53:34.308 [main] INFO  com.hcl.gim.baseutil.BaseTest - com.hcl.gim.testscripts.ikhaya.TYSS_GIM_ISB_003
21:53:34.308 [main] INFO  com.hcl.gim.baseutil.BaseTest - com.hcl.gim.testscripts.ikhaya.TYSS_GIM_ISB_004
21:53:34.308 [main] INFO  com.hcl.gim.baseutil.BaseTest - com.hcl.gim.testscripts.ikhaya.TYSS_GIM_ISB_005
21:53:34.309 [main] INFO  com.hcl.gim.baseutil.BaseTest - com.hcl.gim.testscripts.ikhaya.TYSS_GIM_ISB_006
21:53:34.309 [main] INFO  com.hcl.gim.baseutil.BaseTest - com.hcl.gim.testscripts.ikhaya.TYSS_GIM_ISB_007
21:53:34.310 [main] INFO  com.hcl.gim.baseutil.BaseTest - com.hcl.gim.testscripts.ikhaya.TYSS_GIM_ISB_008
21:53:34.310 [main] INFO  com.hcl.gim.baseutil.BaseTest - com.hcl.gim.testscripts.ikhaya.TYSS_GIM_ISB_009
21:53:34.310 [main] INFO  com.hcl.gim.baseutil.BaseTest - com.hcl.gim.testscripts.ikhaya.TYSS_GIM_ISB_010
21:53:34.313 [main] INFO  com.hcl.gim.baseutil.BaseTest - com.hcl.gim.testscripts.ikhaya.TYSS_GIM_ISB_011
21:53:34.313 [main] INFO  com.hcl.gim.baseutil.BaseTest - com.hcl.gim.testscripts.ikhaya.TYSS_GIM_ISB_012
21:53:34.313 [main] INFO  com.hcl.gim.baseutil.BaseTest - com.hcl.gim.testscripts.ikhaya.TYSS_GIM_ISB_013
21:53:34.313 [main] INFO  com.hcl.gim.baseutil.BaseTest - com.hcl.gim.testscripts.ikhaya.TYSS_GIM_ISB_014
21:53:34.313 [main] INFO  com.hcl.gim.baseutil.BaseTest - com.hcl.gim.testscripts.ikhaya.TYSS_GIM_ISB_015
21:53:34.313 [main] INFO  com.hcl.gim.baseutil.BaseTest - com.hcl.gim.testscripts.ikhaya.TYSS_GIM_ISB_016
21:53:34.313 [main] INFO  com.hcl.gim.baseutil.BaseTest - com.hcl.gim.testscripts.ikhaya.TYSS_GIM_ISB_017
21:53:34.314 [main] INFO  com.hcl.gim.baseutil.BaseTest - com.hcl.gim.testscripts.ikhaya.TYSS_GIM_ISB_018
21:53:34.314 [main] INFO  com.hcl.gim.baseutil.BaseTest - com.hcl.gim.testscripts.ikhaya.TYSS_GIM_ISB_019
21:53:34.314 [main] INFO  com.hcl.gim.baseutil.BaseTest - com.hcl.gim.testscripts.ikhaya.TYSS_GIM_ISB_020
21:53:34.314 [main] INFO  com.hcl.gim.baseutil.BaseTest - com.hcl.gim.testscripts.ikhaya.TYSS_GIM_ISB_021
21:53:34.314 [main] INFO  com.hcl.gim.baseutil.BaseTest - com.hcl.gim.testscripts.ikhaya.TYSS_GIM_ISB_022
21:53:34.314 [main] INFO  com.hcl.gim.baseutil.BaseTest - com.hcl.gim.testscripts.ikhaya.TYSS_GIM_ISB_023
21:53:34.314 [main] INFO  com.hcl.gim.baseutil.BaseTest - com.hcl.gim.testscripts.ikhaya.TYSS_GIM_ISB_024
21:53:34.315 [main] INFO  com.hcl.gim.baseutil.BaseTest - com.hcl.gim.testscripts.patent_award.TYSS_GIM_PA_0001
21:53:34.315 [main] INFO  com.hcl.gim.baseutil.BaseTest - com.hcl.gim.testscripts.patent_award.TYSS_GIM_PA_0002
21:53:34.315 [main] INFO  com.hcl.gim.baseutil.BaseTest - com.hcl.gim.testscripts.patent_award.TYSS_GIM_PA_0003
21:53:34.315 [main] INFO  com.hcl.gim.baseutil.BaseTest - com.hcl.gim.testscripts.patent_award.TYSS_GIM_PA_0004
21:53:34.315 [main] INFO  com.hcl.gim.baseutil.BaseTest - com.hcl.gim.testscripts.patent_award.TYSS_GIM_PA_0005
21:53:34.316 [main] INFO  com.hcl.gim.baseutil.BaseTest - com.hcl.gim.testscripts.patent_award.TYSS_GIM_PA_0006
21:53:34.317 [main] INFO  com.hcl.gim.baseutil.BaseTest - com.hcl.gim.testscripts.patent_award.TYSS_GIM_PA_0007
21:53:34.318 [main] INFO  com.hcl.gim.baseutil.BaseTest - com.hcl.gim.testscripts.patent_award.TYSS_GIM_PA_0008
21:53:34.318 [main] INFO  com.hcl.gim.baseutil.BaseTest - com.hcl.gim.testscripts.patent_award.TYSS_GIM_PA_0009
21:53:34.320 [main] INFO  com.hcl.gim.baseutil.BaseTest - com.hcl.gim.testscripts.patent_award.TYSS_GIM_PA_0010
21:53:34.320 [main] INFO  com.hcl.gim.baseutil.BaseTest - com.hcl.gim.testscripts.patent_award.TYSS_GIM_PA_0011
21:53:34.321 [main] INFO  com.hcl.gim.baseutil.BaseTest - com.hcl.gim.testscripts.patent_award.TYSS_GIM_PA_0012
21:53:34.321 [main] INFO  com.hcl.gim.baseutil.BaseTest - com.hcl.gim.testscripts.patent_award.TYSS_GIM_PA_0013
21:53:34.321 [main] INFO  com.hcl.gim.baseutil.BaseTest - com.hcl.gim.testscripts.patent_award.TYSS_GIM_PA_0014
21:53:34.322 [main] INFO  com.hcl.gim.baseutil.BaseTest - com.hcl.gim.testscripts.patent_award.TYSS_GIM_PA_0015
21:53:34.322 [main] INFO  com.hcl.gim.baseutil.BaseTest - com.hcl.gim.testscripts.patent_award.TYSS_GIM_PA_0016
21:53:34.322 [main] INFO  com.hcl.gim.baseutil.BaseTest - com.hcl.gim.testscripts.patent_award.TYSS_GIM_PA_0017
21:53:34.323 [main] INFO  com.hcl.gim.baseutil.BaseTest - com.hcl.gim.testscripts.patent_award.TYSS_GIM_PA_0018
21:53:34.323 [main] INFO  com.hcl.gim.baseutil.BaseTest - com.hcl.gim.testscripts.patent_award.TYSS_GIM_PA_0019
21:53:34.323 [main] INFO  com.hcl.gim.baseutil.BaseTest - com.hcl.gim.testscripts.patent_award.TYSS_GIM_PA_0020
21:53:34.323 [main] INFO  com.hcl.gim.baseutil.BaseTest - com.hcl.gim.testscripts.patent_award.TYSS_GIM_PA_0021
21:53:34.324 [main] INFO  com.hcl.gim.baseutil.BaseTest - com.hcl.gim.testscripts.retention_bonus.TYSS_GIM_RB_0001
21:53:34.324 [main] INFO  com.hcl.gim.baseutil.BaseTest - com.hcl.gim.testscripts.retention_bonus.TYSS_GIM_RB_0002
21:53:34.324 [main] INFO  com.hcl.gim.baseutil.BaseTest - com.hcl.gim.testscripts.retention_bonus.TYSS_GIM_RB_0003
21:53:34.324 [main] INFO  com.hcl.gim.baseutil.BaseTest - com.hcl.gim.testscripts.retention_bonus.TYSS_GIM_RB_0004
21:53:34.324 [main] INFO  com.hcl.gim.baseutil.BaseTest - com.hcl.gim.testscripts.retention_bonus.TYSS_GIM_RB_0005
21:53:34.324 [main] INFO  com.hcl.gim.baseutil.BaseTest - com.hcl.gim.testscripts.retention_bonus.TYSS_GIM_RB_0006
21:53:34.324 [main] INFO  com.hcl.gim.baseutil.BaseTest - com.hcl.gim.testscripts.retention_bonus.TYSS_GIM_RB_0007
21:53:34.325 [main] INFO  com.hcl.gim.baseutil.BaseTest - com.hcl.gim.testscripts.retention_bonus.TYSS_GIM_RB_0008
21:53:34.326 [main] INFO  com.hcl.gim.baseutil.BaseTest - com.hcl.gim.testscripts.retention_bonus.TYSS_GIM_RB_0009
21:53:34.327 [main] INFO  com.hcl.gim.baseutil.BaseTest - com.hcl.gim.testscripts.retention_bonus.TYSS_GIM_RB_0010
21:53:34.327 [main] INFO  com.hcl.gim.baseutil.BaseTest - com.hcl.gim.testscripts.retention_bonus.TYSS_GIM_RB_0011
21:53:34.327 [main] INFO  com.hcl.gim.baseutil.BaseTest - com.hcl.gim.testscripts.retention_bonus.TYSS_GIM_RB_0012
21:53:34.327 [main] INFO  com.hcl.gim.baseutil.BaseTest - com.hcl.gim.testscripts.retention_bonus.TYSS_GIM_RB_0013
21:53:34.328 [main] INFO  com.hcl.gim.baseutil.BaseTest - com.hcl.gim.testscripts.retention_bonus.TYSS_GIM_RB_0014
21:53:34.328 [main] INFO  com.hcl.gim.baseutil.BaseTest - com.hcl.gim.testscripts.retention_bonus.TYSS_GIM_RB_0015
21:53:34.333 [main] INFO  com.hcl.gim.baseutil.BaseTest - com.hcl.gim.testscripts.retention_bonus.TYSS_GIM_RB_0016
21:53:34.342 [main] INFO  com.hcl.gim.baseutil.BaseTest - com.hcl.gim.testscripts.retention_bonus.TYSS_GIM_RB_0017
21:53:34.343 [main] INFO  com.hcl.gim.baseutil.BaseTest - com.hcl.gim.testscripts.retention_bonus.TYSS_GIM_RB_0018
21:53:34.344 [main] INFO  com.hcl.gim.baseutil.BaseTest - com.hcl.gim.testscripts.retention_bonus.TYSS_GIM_RB_0019
21:53:34.347 [main] INFO  com.hcl.gim.baseutil.BaseTest - com.hcl.gim.testscripts.retention_bonus.TYSS_GIM_RB_0020
21:53:34.348 [main] INFO  com.hcl.gim.baseutil.BaseTest - com.hcl.gim.testscripts.retention_bonus.TYSS_GIM_RB_0021
21:53:34.348 [main] INFO  com.hcl.gim.baseutil.BaseTest - com.hcl.gim.testscripts.rsu.TYSS_GIM_RSU_0001
21:53:34.348 [main] INFO  com.hcl.gim.baseutil.BaseTest - com.hcl.gim.testscripts.rsu.TYSS_GIM_RSU_0002
21:53:34.348 [main] INFO  com.hcl.gim.baseutil.BaseTest - com.hcl.gim.testscripts.rsu.TYSS_GIM_RSU_0003
21:53:34.349 [main] INFO  com.hcl.gim.baseutil.BaseTest - com.hcl.gim.testscripts.rsu.TYSS_GIM_RSU_0004
21:53:34.349 [main] INFO  com.hcl.gim.baseutil.BaseTest - com.hcl.gim.testscripts.rsu.TYSS_GIM_RSU_0005
21:53:34.349 [main] INFO  com.hcl.gim.baseutil.BaseTest - com.hcl.gim.testscripts.rsu.TYSS_GIM_RSU_0006
21:53:34.349 [main] INFO  com.hcl.gim.baseutil.BaseTest - com.hcl.gim.testscripts.rsu.TYSS_GIM_RSU_0007
21:53:34.350 [main] INFO  com.hcl.gim.baseutil.BaseTest - com.hcl.gim.testscripts.rsu.TYSS_GIM_RSU_0008
21:53:34.350 [main] INFO  com.hcl.gim.baseutil.BaseTest - com.hcl.gim.testscripts.rsu.TYSS_GIM_RSU_0009
21:53:34.351 [main] INFO  com.hcl.gim.baseutil.BaseTest - com.hcl.gim.testscripts.rsu.TYSS_GIM_RSU_0010
21:53:34.351 [main] INFO  com.hcl.gim.baseutil.BaseTest - com.hcl.gim.testscripts.rsu.TYSS_GIM_RSU_0011
21:53:34.351 [main] INFO  com.hcl.gim.baseutil.BaseTest - com.hcl.gim.testscripts.rsu.TYSS_GIM_RSU_0012
21:53:34.351 [main] INFO  com.hcl.gim.baseutil.BaseTest - com.hcl.gim.testscripts.rsu.TYSS_GIM_RSU_0013
21:53:34.351 [main] INFO  com.hcl.gim.baseutil.BaseTest - com.hcl.gim.testscripts.rsu.TYSS_GIM_RSU_0014
21:53:34.352 [main] INFO  com.hcl.gim.baseutil.BaseTest - com.hcl.gim.testscripts.rsu.TYSS_GIM_RSU_0015
21:53:34.352 [main] INFO  com.hcl.gim.baseutil.BaseTest - com.hcl.gim.testscripts.rsu.TYSS_GIM_RSU_0016
21:53:34.352 [main] INFO  com.hcl.gim.baseutil.BaseTest - com.hcl.gim.testscripts.rsu.TYSS_GIM_RSU_0017
21:53:34.352 [main] INFO  com.hcl.gim.baseutil.BaseTest - com.hcl.gim.testscripts.rsu.TYSS_GIM_RSU_0018
21:53:34.352 [main] INFO  com.hcl.gim.baseutil.BaseTest - com.hcl.gim.testscripts.rsu.TYSS_GIM_RSU_0019
21:53:34.352 [main] INFO  com.hcl.gim.baseutil.BaseTest - com.hcl.gim.testscripts.rsu.TYSS_GIM_RSU_0020
21:53:34.353 [main] INFO  com.hcl.gim.baseutil.BaseTest - com.hcl.gim.testscripts.rsu.TYSS_GIM_RSU_0021
21:53:34.353 [main] INFO  com.hcl.gim.baseutil.BaseTest - com.hcl.gim.testscripts.transport_allowance.TYSS_GIM_TA_0001
21:53:34.353 [main] INFO  com.hcl.gim.baseutil.BaseTest - com.hcl.gim.testscripts.transport_allowance.TYSS_GIM_TA_0002
21:53:34.353 [main] INFO  com.hcl.gim.baseutil.BaseTest - com.hcl.gim.testscripts.transport_allowance.TYSS_GIM_TA_0003
21:53:34.353 [main] INFO  com.hcl.gim.baseutil.BaseTest - com.hcl.gim.testscripts.transport_allowance.TYSS_GIM_TA_0004
21:53:34.353 [main] INFO  com.hcl.gim.baseutil.BaseTest - com.hcl.gim.testscripts.transport_allowance.TYSS_GIM_TA_0005
21:53:34.354 [main] INFO  com.hcl.gim.baseutil.BaseTest - com.hcl.gim.testscripts.transport_allowance.TYSS_GIM_TA_0006
21:53:34.354 [main] INFO  com.hcl.gim.baseutil.BaseTest - com.hcl.gim.testscripts.transport_allowance.TYSS_GIM_TA_0007
21:53:34.354 [main] INFO  com.hcl.gim.baseutil.BaseTest - com.hcl.gim.testscripts.transport_allowance.TYSS_GIM_TA_0008
21:53:34.355 [main] INFO  com.hcl.gim.baseutil.BaseTest - com.hcl.gim.testscripts.transport_allowance.TYSS_GIM_TA_0009
21:53:34.356 [main] INFO  com.hcl.gim.baseutil.BaseTest - com.hcl.gim.testscripts.transport_allowance.TYSS_GIM_TA_0010
21:53:34.358 [main] INFO  com.hcl.gim.baseutil.BaseTest - com.hcl.gim.testscripts.transport_allowance.TYSS_GIM_TA_0011
21:53:34.358 [main] INFO  com.hcl.gim.baseutil.BaseTest - com.hcl.gim.testscripts.transport_allowance.TYSS_GIM_TA_0012
21:53:34.359 [main] INFO  com.hcl.gim.baseutil.BaseTest - com.hcl.gim.testscripts.transport_allowance.TYSS_GIM_TA_0013
21:53:34.359 [main] INFO  com.hcl.gim.baseutil.BaseTest - com.hcl.gim.testscripts.transport_allowance.TYSS_GIM_TA_0014
21:53:34.359 [main] INFO  com.hcl.gim.baseutil.BaseTest - com.hcl.gim.testscripts.transport_allowance.TYSS_GIM_TA_0015
21:53:34.368 [main] INFO  com.hcl.gim.baseutil.BaseTest - com.hcl.gim.testscripts.transport_allowance.TYSS_GIM_TA_0016
21:53:34.375 [main] INFO  com.hcl.gim.baseutil.BaseTest - com.hcl.gim.testscripts.transport_allowance.TYSS_GIM_TA_0017
21:53:34.390 [main] INFO  com.hcl.gim.baseutil.BaseTest - com.hcl.gim.testscripts.transport_allowance.TYSS_GIM_TA_0018
21:53:34.390 [main] INFO  com.hcl.gim.baseutil.BaseTest - com.hcl.gim.testscripts.transport_allowance.TYSS_GIM_TA_0019
21:53:34.390 [main] INFO  com.hcl.gim.baseutil.BaseTest - com.hcl.gim.testscripts.transport_allowance.TYSS_GIM_TA_0020
21:53:34.391 [main] INFO  com.hcl.gim.baseutil.BaseTest - com.hcl.gim.testscripts.transport_allowance.TYSS_GIM_TA_0021
21:53:34.391 [main] INFO  com.hcl.gim.baseutil.BaseTest - com.hcl.gim.testscripts.transport_allowance.TYSS_GIM_TA_0022
21:53:34.395 [main] INFO  com.hcl.gim.baseutil.BaseTest - com.hcl.gim.testscripts.transport_allowance.TYSS_GIM_TA_0023
21:53:34.410 [main] INFO  com.hcl.gim.baseutil.BaseTest - com.hcl.gim.testscripts.transport_allowance.TYSS_GIM_TA_0024
